[2022-07-26 22:54:13.788] [settingssync] [info] Using settings sync service https://vscode-sync.trafficmanager.net/
[2022-07-26 22:54:13.788] [settingssync] [info] Auto Sync is enabled.
[2022-07-26 22:54:13.788] [settingssync] [info] Auto Sync: Suspended until auth token is available.
[2022-07-26 22:54:13.867] [settingssync] [info] Auto Sync: Started
[2022-07-26 22:54:13.868] [settingssync] [info] Auto Sync: Triggered by Interval
[2022-07-26 22:54:15.156] [settingssync] [info] Settings: No changes found during synchronizing settings.
[2022-07-26 22:54:15.161] [settingssync] [info] Keybindings: No changes found during synchronizing keybindings.
[2022-07-26 22:54:15.164] [settingssync] [info] Snippets: No changes found during synchronizing snippets.
[2022-07-26 22:54:15.165] [settingssync] [info] Tasks: No changes found during synchronizing tasks.
[2022-07-26 22:54:16.020] [settingssync] [info] GlobalState: Updated remote ui state
[2022-07-26 22:54:16.040] [settingssync] [info] GlobalState: Updated last synchronized ui state
[2022-07-26 22:54:16.121] [settingssync] [info] Extensions: No changes found during synchronizing extensions.
[2022-07-26 22:54:16.123] [settingssync] [info] Sync done. Took 994ms
[2022-07-26 22:59:16.126] [settingssync] [info] Auto Sync: Triggered by Interval
[2022-07-26 22:59:16.873] [settingssync] [info] Settings: No changes found during synchronizing settings.
[2022-07-26 22:59:16.875] [settingssync] [info] Keybindings: No changes found during synchronizing keybindings.
[2022-07-26 22:59:16.877] [settingssync] [info] Snippets: No changes found during synchronizing snippets.
[2022-07-26 22:59:16.878] [settingssync] [info] Tasks: No changes found during synchronizing tasks.
[2022-07-26 22:59:16.881] [settingssync] [info] GlobalState: No changes found during synchronizing ui state.
[2022-07-26 22:59:16.938] [settingssync] [info] Extensions: No changes found during synchronizing extensions.
[2022-07-26 22:59:16.938] [settingssync] [info] Sync done. Took 79ms
[2022-07-26 22:59:29.274] [settingssync] [info] Auto Sync: Triggered by Activity
[2022-07-26 22:59:29.891] [settingssync] [info] Settings: No changes found during synchronizing settings.
[2022-07-26 22:59:29.893] [settingssync] [info] Keybindings: No changes found during synchronizing keybindings.
[2022-07-26 22:59:29.895] [settingssync] [info] Snippets: No changes found during synchronizing snippets.
[2022-07-26 22:59:29.896] [settingssync] [info] Tasks: No changes found during synchronizing tasks.
[2022-07-26 22:59:29.899] [settingssync] [info] GlobalState: No changes found during synchronizing ui state.
[2022-07-26 22:59:29.947] [settingssync] [info] Extensions: No changes found during synchronizing extensions.
[2022-07-26 22:59:29.948] [settingssync] [info] Sync done. Took 71ms
[2022-07-26 22:59:49.649] [settingssync] [info] Auto Sync: Triggered by Activity
[2022-07-26 22:59:50.332] [settingssync] [info] Settings: No changes found during synchronizing settings.
[2022-07-26 22:59:50.334] [settingssync] [info] Keybindings: No changes found during synchronizing keybindings.
[2022-07-26 22:59:50.336] [settingssync] [info] Snippets: No changes found during synchronizing snippets.
[2022-07-26 22:59:50.337] [settingssync] [info] Tasks: No changes found during synchronizing tasks.
[2022-07-26 22:59:50.340] [settingssync] [info] GlobalState: No changes found during synchronizing ui state.
[2022-07-26 22:59:53.779] [settingssync] [info] Extensions: Updated remote extensions. Removed: ["coenraads.bracket-pair-colorizer-2"].
[2022-07-26 22:59:53.786] [settingssync] [info] Extensions: Updated last synchronized extensions.
[2022-07-26 22:59:53.788] [settingssync] [info] Sync done. Took 3471ms
[2022-07-26 23:00:42.862] [settingssync] [info] Auto Sync: Triggered by Activity
[2022-07-26 23:00:43.246] [settingssync] [info] Settings: No changes found during synchronizing settings.
[2022-07-26 23:00:43.250] [settingssync] [info] Keybindings: No changes found during synchronizing keybindings.
[2022-07-26 23:00:43.251] [settingssync] [info] Snippets: No changes found during synchronizing snippets.
[2022-07-26 23:00:43.252] [settingssync] [info] Tasks: No changes found during synchronizing tasks.
[2022-07-26 23:00:44.162] [settingssync] [info] GlobalState: Updated remote ui state
[2022-07-26 23:00:44.168] [settingssync] [info] GlobalState: Updated last synchronized ui state
[2022-07-26 23:00:44.222] [settingssync] [info] Extensions: No changes found during synchronizing extensions.
[2022-07-26 23:00:44.223] [settingssync] [info] Sync done. Took 985ms
[2022-07-26 23:05:44.224] [settingssync] [info] Auto Sync: Triggered by Interval
[2022-07-26 23:05:45.131] [settingssync] [info] Settings: No changes found during synchronizing settings.
[2022-07-26 23:05:45.133] [settingssync] [info] Keybindings: No changes found during synchronizing keybindings.
[2022-07-26 23:05:45.135] [settingssync] [info] Snippets: No changes found during synchronizing snippets.
[2022-07-26 23:05:45.136] [settingssync] [info] Tasks: No changes found during synchronizing tasks.
[2022-07-26 23:05:45.139] [settingssync] [info] GlobalState: No changes found during synchronizing ui state.
[2022-07-26 23:05:45.188] [settingssync] [info] Extensions: No changes found during synchronizing extensions.
[2022-07-26 23:05:45.189] [settingssync] [info] Sync done. Took 70ms
[2022-07-26 23:10:45.191] [settingssync] [info] Auto Sync: Triggered by Interval
[2022-07-26 23:10:46.107] [settingssync] [info] Settings: No changes found during synchronizing settings.
[2022-07-26 23:10:46.109] [settingssync] [info] Keybindings: No changes found during synchronizing keybindings.
[2022-07-26 23:10:46.110] [settingssync] [info] Snippets: No changes found during synchronizing snippets.
[2022-07-26 23:10:46.111] [settingssync] [info] Tasks: No changes found during synchronizing tasks.
[2022-07-26 23:10:46.114] [settingssync] [info] GlobalState: No changes found during synchronizing ui state.
[2022-07-26 23:10:46.178] [settingssync] [info] Extensions: No changes found during synchronizing extensions.
[2022-07-26 23:10:46.179] [settingssync] [info] Sync done. Took 79ms
[2022-07-26 23:15:46.180] [settingssync] [info] Auto Sync: Triggered by Interval
[2022-07-26 23:15:47.259] [settingssync] [info] Settings: No changes found during synchronizing settings.
[2022-07-26 23:15:47.261] [settingssync] [info] Keybindings: No changes found during synchronizing keybindings.
[2022-07-26 23:15:47.262] [settingssync] [info] Snippets: No changes found during synchronizing snippets.
[2022-07-26 23:15:47.263] [settingssync] [info] Tasks: No changes found during synchronizing tasks.
[2022-07-26 23:15:47.266] [settingssync] [info] GlobalState: No changes found during synchronizing ui state.
[2022-07-26 23:15:47.325] [settingssync] [info] Extensions: No changes found during synchronizing extensions.
[2022-07-26 23:15:47.326] [settingssync] [info] Sync done. Took 81ms
[2022-07-26 23:20:47.326] [settingssync] [info] Auto Sync: Triggered by Interval
[2022-07-26 23:20:48.592] [settingssync] [info] Settings: No changes found during synchronizing settings.
[2022-07-26 23:20:48.594] [settingssync] [info] Keybindings: No changes found during synchronizing keybindings.
[2022-07-26 23:20:48.596] [settingssync] [info] Snippets: No changes found during synchronizing snippets.
[2022-07-26 23:20:48.598] [settingssync] [info] Tasks: No changes found during synchronizing tasks.
[2022-07-26 23:20:48.601] [settingssync] [info] GlobalState: No changes found during synchronizing ui state.
[2022-07-26 23:20:48.662] [settingssync] [info] Extensions: No changes found during synchronizing extensions.
[2022-07-26 23:20:48.662] [settingssync] [info] Sync done. Took 84ms
[2022-07-26 23:25:48.663] [settingssync] [info] Auto Sync: Triggered by Interval
[2022-07-26 23:25:50.731] [settingssync] [info] Settings: No changes found during synchronizing settings.
[2022-07-26 23:25:50.733] [settingssync] [info] Keybindings: No changes found during synchronizing keybindings.
[2022-07-26 23:25:50.734] [settingssync] [info] Snippets: No changes found during synchronizing snippets.
[2022-07-26 23:25:50.735] [settingssync] [info] Tasks: No changes found during synchronizing tasks.
[2022-07-26 23:25:50.738] [settingssync] [info] GlobalState: No changes found during synchronizing ui state.
[2022-07-26 23:25:50.801] [settingssync] [info] Extensions: No changes found during synchronizing extensions.
[2022-07-26 23:25:50.802] [settingssync] [info] Sync done. Took 79ms
[2022-07-26 23:30:50.803] [settingssync] [info] Auto Sync: Triggered by Interval
[2022-07-26 23:30:52.385] [settingssync] [info] Settings: No changes found during synchronizing settings.
[2022-07-26 23:30:52.388] [settingssync] [info] Keybindings: No changes found during synchronizing keybindings.
[2022-07-26 23:30:52.389] [settingssync] [info] Snippets: No changes found during synchronizing snippets.
[2022-07-26 23:30:52.390] [settingssync] [info] Tasks: No changes found during synchronizing tasks.
[2022-07-26 23:30:52.393] [settingssync] [info] GlobalState: No changes found during synchronizing ui state.
[2022-07-26 23:30:52.456] [settingssync] [info] Extensions: No changes found during synchronizing extensions.
[2022-07-26 23:30:52.457] [settingssync] [info] Sync done. Took 87ms
[2022-07-26 23:35:52.458] [settingssync] [info] Auto Sync: Triggered by Interval
[2022-07-26 23:35:54.163] [settingssync] [info] Settings: No changes found during synchronizing settings.
[2022-07-26 23:35:54.165] [settingssync] [info] Keybindings: No changes found during synchronizing keybindings.
[2022-07-26 23:35:54.166] [settingssync] [info] Snippets: No changes found during synchronizing snippets.
[2022-07-26 23:35:54.167] [settingssync] [info] Tasks: No changes found during synchronizing tasks.
[2022-07-26 23:35:54.170] [settingssync] [info] GlobalState: No changes found during synchronizing ui state.
[2022-07-26 23:35:54.229] [settingssync] [info] Extensions: No changes found during synchronizing extensions.
[2022-07-26 23:35:54.230] [settingssync] [info] Sync done. Took 81ms
[2022-07-26 23:36:03.664] [settingssync] [info] Auto Sync: Triggered by Activity
[2022-07-26 23:36:03.966] [settingssync] [info] Settings: No changes found during synchronizing settings.
[2022-07-26 23:36:03.967] [settingssync] [info] Keybindings: No changes found during synchronizing keybindings.
[2022-07-26 23:36:03.969] [settingssync] [info] Snippets: No changes found during synchronizing snippets.
[2022-07-26 23:36:03.970] [settingssync] [info] Tasks: No changes found during synchronizing tasks.
[2022-07-26 23:36:04.502] [settingssync] [info] GlobalState: Updated remote ui state
[2022-07-26 23:36:04.507] [settingssync] [info] GlobalState: Updated last synchronized ui state
[2022-07-26 23:36:04.562] [settingssync] [info] Extensions: No changes found during synchronizing extensions.
[2022-07-26 23:36:04.563] [settingssync] [info] Sync done. Took 606ms
[2022-07-26 23:41:04.566] [settingssync] [info] Auto Sync: Triggered by Interval
[2022-07-26 23:41:06.262] [settingssync] [info] Settings: No changes found during synchronizing settings.
[2022-07-26 23:41:06.263] [settingssync] [info] Keybindings: No changes found during synchronizing keybindings.
[2022-07-26 23:41:06.265] [settingssync] [info] Snippets: No changes found during synchronizing snippets.
[2022-07-26 23:41:06.266] [settingssync] [info] Tasks: No changes found during synchronizing tasks.
[2022-07-26 23:41:06.269] [settingssync] [info] GlobalState: No changes found during synchronizing ui state.
[2022-07-26 23:41:06.336] [settingssync] [info] Extensions: No changes found during synchronizing extensions.
[2022-07-26 23:41:06.336] [settingssync] [info] Sync done. Took 88ms
[2022-07-26 23:46:06.339] [settingssync] [info] Auto Sync: Triggered by Interval
[2022-07-26 23:46:07.768] [settingssync] [info] Settings: No changes found during synchronizing settings.
[2022-07-26 23:46:07.771] [settingssync] [info] Keybindings: No changes found during synchronizing keybindings.
[2022-07-26 23:46:07.772] [settingssync] [info] Snippets: No changes found during synchronizing snippets.
[2022-07-26 23:46:07.773] [settingssync] [info] Tasks: No changes found during synchronizing tasks.
[2022-07-26 23:46:07.776] [settingssync] [info] GlobalState: No changes found during synchronizing ui state.
[2022-07-26 23:46:07.840] [settingssync] [info] Extensions: No changes found during synchronizing extensions.
[2022-07-26 23:46:07.840] [settingssync] [info] Sync done. Took 89ms
[2022-07-26 23:47:02.854] [settingssync] [info] Auto Sync: Triggered by Activity
[2022-07-26 23:47:03.211] [settingssync] [info] Settings: No changes found during synchronizing settings.
[2022-07-26 23:47:03.213] [settingssync] [info] Keybindings: No changes found during synchronizing keybindings.
[2022-07-26 23:47:03.215] [settingssync] [info] Snippets: No changes found during synchronizing snippets.
[2022-07-26 23:47:03.216] [settingssync] [info] Tasks: No changes found during synchronizing tasks.
[2022-07-26 23:47:03.220] [settingssync] [info] GlobalState: No changes found during synchronizing ui state.
[2022-07-26 23:47:03.277] [settingssync] [info] Extensions: No changes found during synchronizing extensions.
[2022-07-26 23:47:03.278] [settingssync] [info] Sync done. Took 74ms
