[2022-07-26 13:25:06.957] [renderer1] [info] Settings Sync: Updated current session f689b562-ccf5-4255-8790-7943f3d9861f
[2022-07-26 13:25:48.956] [renderer1] [error] Could not find category with ID: ms-vscode.cpptools#cppWelcome: Error: Could not find category with ID: ms-vscode.cpptools#cppWelcome
    at vscode-file://vscode-app/opt/visual-studio-code/resources/app/out/vs/workbench/workbench.desktop.main.js:3093:102185
    at b.invoke (vscode-file://vscode-app/opt/visual-studio-code/resources/app/out/vs/workbench/workbench.desktop.main.js:82:145)
    at r.deliver (vscode-file://vscode-app/opt/visual-studio-code/resources/app/out/vs/workbench/workbench.desktop.main.js:82:2266)
    at o.fire (vscode-file://vscode-app/opt/visual-studio-code/resources/app/out/vs/workbench/workbench.desktop.main.js:82:1844)
    at P.progressStep (vscode-file://vscode-app/opt/visual-studio-code/resources/app/out/vs/workbench/workbench.desktop.main.js:2103:30144)
    at P.registerDoneListeners (vscode-file://vscode-app/opt/visual-studio-code/resources/app/out/vs/workbench/workbench.desktop.main.js:2103:32684)
    at vscode-file://vscode-app/opt/visual-studio-code/resources/app/out/vs/workbench/workbench.desktop.main.js:2103:31002
    at Array.forEach (<anonymous>)
    at P._registerWalkthrough (vscode-file://vscode-app/opt/visual-studio-code/resources/app/out/vs/workbench/workbench.desktop.main.js:2103:30784)
    at vscode-file://vscode-app/opt/visual-studio-code/resources/app/out/vs/workbench/workbench.desktop.main.js:2103:28164
    at async Promise.all (index 0)
    at async P.registerExtensionWalkthroughContributions (vscode-file://vscode-app/opt/visual-studio-code/resources/app/out/vs/workbench/workbench.desktop.main.js:2103:25682)
    at async Promise.all (index 0)
    at async i._handler (vscode-file://vscode-app/opt/visual-studio-code/resources/app/out/vs/workbench/workbench.desktop.main.js:2103:21893)
[2022-07-26 13:25:51.633] [renderer1] [error] [Extension Host] (node:127539) [DEP0005] DeprecationWarning: Buffer() is deprecated due to security and usability issues. Please use the Buffer.alloc(), Buffer.allocUnsafe(), or Buffer.from() methods instead.
(Use `code --trace-deprecation ...` to show where the warning was created)
[2022-07-26 13:26:00.763] [renderer1] [warning] [redhat.vscode-xml]: Cannot register 'redhat.telemetry.enabled'. This property is already registered.
[2022-07-26 13:26:02.871] [renderer1] [warning] [twxs.cmake]: Cannot register 'cmake.cmakePath'. This property is already registered.
[2022-07-26 13:27:58.876] [renderer1] [error] [hollowtree.vue-snippets]: Unknown language in `contributes.vue-snippets.language`. Provided value: vue-html
