[2022-07-26 13:24:50.835] [sharedprocess] [info] Starting worker process with pid 127582 (type: fileWatcher, window: 1).
[2022-07-26 13:25:15.037] [sharedprocess] [info] Getting Manifest... eg2.vscode-npm-script
[2022-07-26 13:25:15.037] [sharedprocess] [info] Getting Manifest... christian-kohler.npm-intellisense
[2022-07-26 13:25:15.348] [sharedprocess] [info] Getting Manifest... ms-toolsai.jupyter-renderers
[2022-07-26 13:25:15.358] [sharedprocess] [info] Getting Manifest... hollowtree.vue-snippets
[2022-07-26 13:25:15.363] [sharedprocess] [info] Getting Manifest... adpyke.codesnap
[2022-07-26 13:25:15.364] [sharedprocess] [info] Getting Manifest... zainchen.json
[2022-07-26 13:25:15.532] [sharedprocess] [info] Getting Manifest... ms-toolsai.jupyter
[2022-07-26 13:25:15.536] [sharedprocess] [info] Getting Manifest... ritwickdey.liveserver
[2022-07-26 13:25:15.567] [sharedprocess] [info] Getting Manifest... ms-azuretools.vscode-docker
[2022-07-26 13:25:15.568] [sharedprocess] [info] Getting Manifest... pkief.material-icon-theme
[2022-07-26 13:25:15.568] [sharedprocess] [info] Getting Manifest... rust-lang.rust-analyzer
[2022-07-26 13:25:15.569] [sharedprocess] [info] Getting Manifest... randomfractalsinc.vscode-data-preview
[2022-07-26 13:25:15.569] [sharedprocess] [info] Getting Manifest... ms-vscode.makefile-tools
[2022-07-26 13:25:15.573] [sharedprocess] [info] Getting Manifest... codezombiech.gitignore
[2022-07-26 13:25:15.672] [sharedprocess] [info] Getting Manifest... vadimcn.vscode-lldb
[2022-07-26 13:25:15.673] [sharedprocess] [info] Getting Manifest... bungcip.better-toml
[2022-07-26 13:25:15.674] [sharedprocess] [info] Getting Manifest... zhuangtongfa.material-theme
[2022-07-26 13:25:15.677] [sharedprocess] [info] Getting Manifest... uctakeoff.vscode-counter
[2022-07-26 13:25:15.678] [sharedprocess] [info] Getting Manifest... mtxr.sqltools-driver-mysql
[2022-07-26 13:25:15.678] [sharedprocess] [info] Getting Manifest... arcticicestudio.nord-visual-studio-code
[2022-07-26 13:25:15.678] [sharedprocess] [info] Getting Manifest... james-yu.latex-workshop
[2022-07-26 13:25:15.678] [sharedprocess] [info] Getting Manifest... zxh404.vscode-proto3
[2022-07-26 13:25:15.679] [sharedprocess] [info] Getting Manifest... usernamehw.errorlens
[2022-07-26 13:25:15.680] [sharedprocess] [info] Getting Manifest... mechatroner.rainbow-csv
[2022-07-26 13:25:15.680] [sharedprocess] [info] Getting Manifest... github.codespaces
[2022-07-26 13:25:15.681] [sharedprocess] [info] Getting Manifest... mtxr.sqltools
[2022-07-26 13:25:15.681] [sharedprocess] [info] Getting Manifest... ms-vscode.cpptools-extension-pack
[2022-07-26 13:25:15.682] [sharedprocess] [info] Getting Manifest... yzhang.markdown-all-in-one
[2022-07-26 13:25:15.683] [sharedprocess] [info] Getting Manifest... lokalise.i18n-ally
[2022-07-26 13:25:15.683] [sharedprocess] [info] Getting Manifest... ms-vscode-remote.remote-ssh-edit
[2022-07-26 13:25:15.684] [sharedprocess] [info] Getting Manifest... psioniq.psi-header
[2022-07-26 13:25:15.684] [sharedprocess] [info] Getting Manifest... visualstudioexptteam.vscodeintellicode
[2022-07-26 13:25:15.685] [sharedprocess] [info] Getting Manifest... foxundermoon.shell-format
[2022-07-26 13:25:15.685] [sharedprocess] [info] Getting Manifest... esbenp.prettier-vscode
[2022-07-26 13:25:15.686] [sharedprocess] [info] Getting Manifest... twxs.cmake
[2022-07-26 13:25:15.686] [sharedprocess] [info] Getting Manifest... ms-vscode-remote.remote-wsl
[2022-07-26 13:25:15.687] [sharedprocess] [info] Getting Manifest... antfu.iconify
[2022-07-26 13:25:15.688] [sharedprocess] [info] Getting Manifest... mikestead.dotenv
[2022-07-26 13:25:15.688] [sharedprocess] [info] Getting Manifest... mindaro-dev.file-downloader
[2022-07-26 13:25:15.689] [sharedprocess] [info] Getting Manifest... redhat.vscode-yaml
[2022-07-26 13:25:15.690] [sharedprocess] [info] Getting Manifest... emmanuelbeziat.vscode-great-icons
[2022-07-26 13:25:15.691] [sharedprocess] [info] Getting Manifest... vscodevim.vim
[2022-07-26 13:25:15.691] [sharedprocess] [info] Getting Manifest... dbaeumer.vscode-eslint
[2022-07-26 13:25:15.692] [sharedprocess] [info] Getting Manifest... antfu.vite
[2022-07-26 13:25:15.692] [sharedprocess] [info] Getting Manifest... pkief.material-product-icons
[2022-07-26 13:25:15.693] [sharedprocess] [info] Getting Manifest... dotjoshjohnson.xml
[2022-07-26 13:25:15.693] [sharedprocess] [info] Getting Manifest... devondcarew.bazel-code
[2022-07-26 13:25:15.694] [sharedprocess] [info] Getting Manifest... davidanson.vscode-markdownlint
[2022-07-26 13:25:15.694] [sharedprocess] [info] Getting Manifest... ms-vscode.cpptools
[2022-07-26 13:25:15.695] [sharedprocess] [info] Getting Manifest... njpwerner.autodocstring
[2022-07-26 13:25:15.695] [sharedprocess] [info] Getting Manifest... ipedrazas.kubernetes-snippets
[2022-07-26 13:25:15.696] [sharedprocess] [info] Getting Manifest... jeff-hykin.better-cpp-syntax
[2022-07-26 13:25:15.696] [sharedprocess] [info] Getting Manifest... mushan.vscode-paste-image
[2022-07-26 13:25:15.696] [sharedprocess] [info] Getting Manifest... coenraads.bracket-pair-colorizer-2
[2022-07-26 13:25:15.697] [sharedprocess] [info] Getting Manifest... stylelint.vscode-stylelint
[2022-07-26 13:25:15.697] [sharedprocess] [info] Getting Manifest... mohsen1.prettify-json
[2022-07-26 13:25:15.698] [sharedprocess] [info] Getting Manifest... ms-vscode.cpptools-themes
[2022-07-26 13:25:15.698] [sharedprocess] [info] Getting Manifest... serayuzgur.crates
[2022-07-26 13:25:15.699] [sharedprocess] [info] Getting Manifest... vue.volar
[2022-07-26 13:25:15.699] [sharedprocess] [info] Getting Manifest... guyskk.language-cython
[2022-07-26 13:25:15.700] [sharedprocess] [info] Getting Manifest... heybourn.headwind
[2022-07-26 13:25:15.701] [sharedprocess] [info] Getting Manifest... golang.go
[2022-07-26 13:25:15.701] [sharedprocess] [info] Getting Manifest... mrmlnc.vscode-less
[2022-07-26 13:25:15.702] [sharedprocess] [info] Getting Manifest... hediet.vscode-drawio
[2022-07-26 13:25:15.702] [sharedprocess] [info] Getting Manifest... ms-toolsai.jupyter-keymap
[2022-07-26 13:25:15.703] [sharedprocess] [info] Getting Manifest... antfu.browse-lite
[2022-07-26 13:25:15.703] [sharedprocess] [info] Getting Manifest... shd101wyy.markdown-preview-enhanced
[2022-07-26 13:25:15.704] [sharedprocess] [info] Getting Manifest... cschlosser.doxdocgen
[2022-07-26 13:25:15.705] [sharedprocess] [info] Getting Manifest... leetcode.vscode-leetcode
[2022-07-26 13:25:15.791] [sharedprocess] [info] Getting Manifest... kisstkondoros.vscode-gutter-preview
[2022-07-26 13:25:15.796] [sharedprocess] [info] Getting Manifest... ms-python.vscode-pylance
[2022-07-26 13:25:15.817] [sharedprocess] [info] Getting Manifest... mintlify.document
[2022-07-26 13:25:15.830] [sharedprocess] [info] Getting Manifest... aaron-bond.better-comments
[2022-07-26 13:25:15.932] [sharedprocess] [info] Getting Manifest... bazelbuild.vscode-bazel
[2022-07-26 13:25:15.951] [sharedprocess] [info] Getting Manifest... redhat.vscode-xml
[2022-07-26 13:25:15.972] [sharedprocess] [info] Getting Manifest... ms-vscode.cmake-tools
[2022-07-26 13:25:15.975] [sharedprocess] [info] Getting Manifest... ms-vscode-remote.remote-ssh
[2022-07-26 13:25:16.154] [sharedprocess] [info] Getting Manifest... ms-vscode-remote.remote-containers
[2022-07-26 13:25:16.161] [sharedprocess] [info] Getting Manifest... ms-python.python
[2022-07-26 13:25:17.259] [sharedprocess] [info] Installing extension: eg2.vscode-npm-script
[2022-07-26 13:25:17.259] [sharedprocess] [info] Installing the extension without checking dependencies and pack eg2.vscode-npm-script
[2022-07-26 13:25:18.468] [sharedprocess] [info] Installing extension: christian-kohler.npm-intellisense
[2022-07-26 13:25:18.468] [sharedprocess] [info] Installing the extension without checking dependencies and pack christian-kohler.npm-intellisense
[2022-07-26 13:25:32.112] [sharedprocess] [info] Installing extension: ms-toolsai.jupyter
[2022-07-26 13:25:32.112] [sharedprocess] [info] Installing the extension without checking dependencies and pack ms-toolsai.jupyter
[2022-07-26 13:25:32.731] [sharedprocess] [info] Installing extension: ms-toolsai.jupyter-renderers
[2022-07-26 13:25:32.731] [sharedprocess] [info] Installing the extension without checking dependencies and pack ms-toolsai.jupyter-renderers
[2022-07-26 13:25:32.734] [sharedprocess] [info] Installing extension: ms-toolsai.jupyter-keymap
[2022-07-26 13:25:32.735] [sharedprocess] [info] Installing the extension without checking dependencies and pack ms-toolsai.jupyter-keymap
[2022-07-26 13:25:32.901] [sharedprocess] [info] Installing extension: vadimcn.vscode-lldb
[2022-07-26 13:25:32.901] [sharedprocess] [info] Installing the extension without checking dependencies and pack vadimcn.vscode-lldb
[2022-07-26 13:25:32.986] [sharedprocess] [info] Installing extension: ms-azuretools.vscode-docker
[2022-07-26 13:25:32.986] [sharedprocess] [info] Installing the extension without checking dependencies and pack ms-azuretools.vscode-docker
[2022-07-26 13:25:33.088] [sharedprocess] [info] Installing extension: usernamehw.errorlens
[2022-07-26 13:25:33.088] [sharedprocess] [info] Installing the extension without checking dependencies and pack usernamehw.errorlens
[2022-07-26 13:25:33.184] [sharedprocess] [info] Installing extension: ritwickdey.liveserver
[2022-07-26 13:25:33.184] [sharedprocess] [info] Installing the extension without checking dependencies and pack ritwickdey.liveserver
[2022-07-26 13:25:33.234] [sharedprocess] [info] Installing extension: ms-vscode.cpptools
[2022-07-26 13:25:33.234] [sharedprocess] [info] Installing the extension without checking dependencies and pack ms-vscode.cpptools
[2022-07-26 13:25:33.238] [sharedprocess] [info] Installing extension: ms-vscode.cpptools-themes
[2022-07-26 13:25:33.238] [sharedprocess] [info] Installing the extension without checking dependencies and pack ms-vscode.cpptools-themes
[2022-07-26 13:25:33.238] [sharedprocess] [info] Installing extension: ms-vscode.cpptools-extension-pack
[2022-07-26 13:25:33.238] [sharedprocess] [info] Installing the extension without checking dependencies and pack ms-vscode.cpptools-extension-pack
[2022-07-26 13:25:33.246] [sharedprocess] [info] Installing extension: zainchen.json
[2022-07-26 13:25:33.246] [sharedprocess] [info] Installing the extension without checking dependencies and pack zainchen.json
[2022-07-26 13:25:33.306] [sharedprocess] [info] Installing extension: adpyke.codesnap
[2022-07-26 13:25:33.307] [sharedprocess] [info] Installing the extension without checking dependencies and pack adpyke.codesnap
[2022-07-26 13:25:33.312] [sharedprocess] [info] Installing extension: ms-vscode.cmake-tools
[2022-07-26 13:25:33.312] [sharedprocess] [info] Installing the extension without checking dependencies and pack ms-vscode.cmake-tools
[2022-07-26 13:25:33.335] [sharedprocess] [info] Installing extension: ms-vscode.makefile-tools
[2022-07-26 13:25:33.335] [sharedprocess] [info] Installing the extension without checking dependencies and pack ms-vscode.makefile-tools
[2022-07-26 13:25:33.368] [sharedprocess] [info] Installing extension: codezombiech.gitignore
[2022-07-26 13:25:33.369] [sharedprocess] [info] Installing the extension without checking dependencies and pack codezombiech.gitignore
[2022-07-26 13:25:33.376] [sharedprocess] [info] Installing extension: randomfractalsinc.vscode-data-preview
[2022-07-26 13:25:33.376] [sharedprocess] [info] Installing the extension without checking dependencies and pack randomfractalsinc.vscode-data-preview
[2022-07-26 13:25:33.415] [sharedprocess] [info] Installing extension: pkief.material-icon-theme
[2022-07-26 13:25:33.416] [sharedprocess] [info] Installing the extension without checking dependencies and pack pkief.material-icon-theme
[2022-07-26 13:25:33.417] [sharedprocess] [info] Installing extension: pkief.material-product-icons
[2022-07-26 13:25:33.417] [sharedprocess] [info] Installing the extension without checking dependencies and pack pkief.material-product-icons
[2022-07-26 13:25:33.459] [sharedprocess] [info] Installing extension: cschlosser.doxdocgen
[2022-07-26 13:25:33.460] [sharedprocess] [info] Installing the extension without checking dependencies and pack cschlosser.doxdocgen
[2022-07-26 13:25:33.460] [sharedprocess] [info] Installing extension: hollowtree.vue-snippets
[2022-07-26 13:25:33.460] [sharedprocess] [info] Installing the extension without checking dependencies and pack hollowtree.vue-snippets
[2022-07-26 13:25:33.478] [sharedprocess] [info] Installing extension: github.codespaces
[2022-07-26 13:25:33.478] [sharedprocess] [info] Installing the extension without checking dependencies and pack github.codespaces
[2022-07-26 13:25:33.479] [sharedprocess] [info] Installing extension: rust-lang.rust-analyzer
[2022-07-26 13:25:33.479] [sharedprocess] [info] Installing the extension without checking dependencies and pack rust-lang.rust-analyzer
[2022-07-26 13:25:33.480] [sharedprocess] [info] Installing extension: davidanson.vscode-markdownlint
[2022-07-26 13:25:33.480] [sharedprocess] [info] Installing the extension without checking dependencies and pack davidanson.vscode-markdownlint
[2022-07-26 13:25:33.499] [sharedprocess] [info] Installing extension: jeff-hykin.better-cpp-syntax
[2022-07-26 13:25:33.500] [sharedprocess] [info] Installing the extension without checking dependencies and pack jeff-hykin.better-cpp-syntax
[2022-07-26 13:25:33.534] [sharedprocess] [info] Installing extension: twxs.cmake
[2022-07-26 13:25:33.534] [sharedprocess] [info] Installing the extension without checking dependencies and pack twxs.cmake
[2022-07-26 13:25:33.535] [sharedprocess] [info] Installing extension: ms-python.python
[2022-07-26 13:25:33.536] [sharedprocess] [info] Installing the extension without checking dependencies and pack ms-python.python
[2022-07-26 13:25:33.546] [sharedprocess] [info] Installing extension: ms-python.vscode-pylance
[2022-07-26 13:25:33.546] [sharedprocess] [info] Installing the extension without checking dependencies and pack ms-python.vscode-pylance
[2022-07-26 13:25:33.563] [sharedprocess] [info] Installing extension: zxh404.vscode-proto3
[2022-07-26 13:25:33.563] [sharedprocess] [info] Installing the extension without checking dependencies and pack zxh404.vscode-proto3
[2022-07-26 13:25:33.564] [sharedprocess] [info] Installing extension: mtxr.sqltools
[2022-07-26 13:25:33.564] [sharedprocess] [info] Installing the extension without checking dependencies and pack mtxr.sqltools
[2022-07-26 13:25:33.564] [sharedprocess] [info] Installing extension: mtxr.sqltools-driver-mysql
[2022-07-26 13:25:33.564] [sharedprocess] [info] Installing the extension without checking dependencies and pack mtxr.sqltools-driver-mysql
[2022-07-26 13:25:33.572] [sharedprocess] [info] Installing extension: visualstudioexptteam.vscodeintellicode
[2022-07-26 13:25:33.573] [sharedprocess] [info] Installing the extension without checking dependencies and pack visualstudioexptteam.vscodeintellicode
[2022-07-26 13:25:33.573] [sharedprocess] [info] Installing extension: redhat.vscode-yaml
[2022-07-26 13:25:33.574] [sharedprocess] [info] Installing the extension without checking dependencies and pack redhat.vscode-yaml
[2022-07-26 13:25:33.593] [sharedprocess] [info] Installing extension: redhat.vscode-xml
[2022-07-26 13:25:33.593] [sharedprocess] [info] Installing the extension without checking dependencies and pack redhat.vscode-xml
[2022-07-26 13:25:33.608] [sharedprocess] [info] Installing extension: hediet.vscode-drawio
[2022-07-26 13:25:33.608] [sharedprocess] [info] Installing the extension without checking dependencies and pack hediet.vscode-drawio
[2022-07-26 13:25:33.609] [sharedprocess] [info] Installing extension: uctakeoff.vscode-counter
[2022-07-26 13:25:33.609] [sharedprocess] [info] Installing the extension without checking dependencies and pack uctakeoff.vscode-counter
[2022-07-26 13:25:33.632] [sharedprocess] [info] Installing extension: james-yu.latex-workshop
[2022-07-26 13:25:33.632] [sharedprocess] [info] Installing the extension without checking dependencies and pack james-yu.latex-workshop
[2022-07-26 13:25:33.633] [sharedprocess] [info] Installing extension: bungcip.better-toml
[2022-07-26 13:25:33.633] [sharedprocess] [info] Installing the extension without checking dependencies and pack bungcip.better-toml
[2022-07-26 13:25:33.661] [sharedprocess] [info] Installing extension: dbaeumer.vscode-eslint
[2022-07-26 13:25:33.661] [sharedprocess] [info] Installing the extension without checking dependencies and pack dbaeumer.vscode-eslint
[2022-07-26 13:25:33.661] [sharedprocess] [info] Installing extension: ms-vscode-remote.remote-ssh-edit
[2022-07-26 13:25:33.662] [sharedprocess] [info] Installing the extension without checking dependencies and pack ms-vscode-remote.remote-ssh-edit
[2022-07-26 13:25:33.662] [sharedprocess] [info] Installing extension: ms-vscode-remote.remote-wsl
[2022-07-26 13:25:33.662] [sharedprocess] [info] Installing the extension without checking dependencies and pack ms-vscode-remote.remote-wsl
[2022-07-26 13:25:33.698] [sharedprocess] [info] Installing extension: esbenp.prettier-vscode
[2022-07-26 13:25:33.698] [sharedprocess] [info] Installing the extension without checking dependencies and pack esbenp.prettier-vscode
[2022-07-26 13:25:33.700] [sharedprocess] [info] Installing extension: antfu.iconify
[2022-07-26 13:25:33.700] [sharedprocess] [info] Installing the extension without checking dependencies and pack antfu.iconify
[2022-07-26 13:25:33.701] [sharedprocess] [info] Installing extension: antfu.vite
[2022-07-26 13:25:33.701] [sharedprocess] [info] Installing the extension without checking dependencies and pack antfu.vite
[2022-07-26 13:25:33.727] [sharedprocess] [info] Installing extension: shd101wyy.markdown-preview-enhanced
[2022-07-26 13:25:33.727] [sharedprocess] [info] Installing the extension without checking dependencies and pack shd101wyy.markdown-preview-enhanced
[2022-07-26 13:25:33.727] [sharedprocess] [info] Installing extension: zhuangtongfa.material-theme
[2022-07-26 13:25:33.727] [sharedprocess] [info] Installing the extension without checking dependencies and pack zhuangtongfa.material-theme
[2022-07-26 13:25:33.749] [sharedprocess] [info] Installing extension: ms-vscode-remote.remote-containers
[2022-07-26 13:25:33.749] [sharedprocess] [info] Installing the extension without checking dependencies and pack ms-vscode-remote.remote-containers
[2022-07-26 13:25:33.750] [sharedprocess] [info] Installing extension: ms-vscode-remote.remote-ssh
[2022-07-26 13:25:33.750] [sharedprocess] [info] Installing the extension without checking dependencies and pack ms-vscode-remote.remote-ssh
[2022-07-26 13:25:33.770] [sharedprocess] [info] Installing extension: vscodevim.vim
[2022-07-26 13:25:33.770] [sharedprocess] [info] Installing the extension without checking dependencies and pack vscodevim.vim
[2022-07-26 13:25:33.771] [sharedprocess] [info] Installing extension: foxundermoon.shell-format
[2022-07-26 13:25:33.771] [sharedprocess] [info] Installing the extension without checking dependencies and pack foxundermoon.shell-format
[2022-07-26 13:25:33.772] [sharedprocess] [info] Installing extension: ipedrazas.kubernetes-snippets
[2022-07-26 13:25:33.772] [sharedprocess] [info] Installing the extension without checking dependencies and pack ipedrazas.kubernetes-snippets
[2022-07-26 13:25:33.772] [sharedprocess] [info] Installing extension: serayuzgur.crates
[2022-07-26 13:25:33.773] [sharedprocess] [info] Installing the extension without checking dependencies and pack serayuzgur.crates
[2022-07-26 13:25:33.773] [sharedprocess] [info] Installing extension: mechatroner.rainbow-csv
[2022-07-26 13:25:33.773] [sharedprocess] [info] Installing the extension without checking dependencies and pack mechatroner.rainbow-csv
[2022-07-26 13:25:33.774] [sharedprocess] [info] Installing extension: kisstkondoros.vscode-gutter-preview
[2022-07-26 13:25:33.774] [sharedprocess] [info] Installing the extension without checking dependencies and pack kisstkondoros.vscode-gutter-preview
[2022-07-26 13:25:33.803] [sharedprocess] [info] Installing extension: lokalise.i18n-ally
[2022-07-26 13:25:33.803] [sharedprocess] [info] Installing the extension without checking dependencies and pack lokalise.i18n-ally
[2022-07-26 13:25:33.803] [sharedprocess] [info] Installing extension: mikestead.dotenv
[2022-07-26 13:25:33.804] [sharedprocess] [info] Installing the extension without checking dependencies and pack mikestead.dotenv
[2022-07-26 13:25:33.804] [sharedprocess] [info] Installing extension: stylelint.vscode-stylelint
[2022-07-26 13:25:33.804] [sharedprocess] [info] Installing the extension without checking dependencies and pack stylelint.vscode-stylelint
[2022-07-26 13:25:33.805] [sharedprocess] [info] Installing extension: antfu.browse-lite
[2022-07-26 13:25:33.805] [sharedprocess] [info] Installing the extension without checking dependencies and pack antfu.browse-lite
[2022-07-26 13:25:33.806] [sharedprocess] [info] Installing extension: leetcode.vscode-leetcode
[2022-07-26 13:25:33.806] [sharedprocess] [info] Installing the extension without checking dependencies and pack leetcode.vscode-leetcode
[2022-07-26 13:25:33.806] [sharedprocess] [info] Installing extension: coenraads.bracket-pair-colorizer-2
[2022-07-26 13:25:33.806] [sharedprocess] [info] Installing the extension without checking dependencies and pack coenraads.bracket-pair-colorizer-2
[2022-07-26 13:25:33.834] [sharedprocess] [info] Installing extension: mintlify.document
[2022-07-26 13:25:33.834] [sharedprocess] [info] Installing the extension without checking dependencies and pack mintlify.document
[2022-07-26 13:25:33.834] [sharedprocess] [info] Installing extension: njpwerner.autodocstring
[2022-07-26 13:25:33.834] [sharedprocess] [info] Installing the extension without checking dependencies and pack njpwerner.autodocstring
[2022-07-26 13:25:33.835] [sharedprocess] [info] Installing extension: arcticicestudio.nord-visual-studio-code
[2022-07-26 13:25:33.835] [sharedprocess] [info] Installing the extension without checking dependencies and pack arcticicestudio.nord-visual-studio-code
[2022-07-26 13:25:33.835] [sharedprocess] [info] Installing extension: bazelbuild.vscode-bazel
[2022-07-26 13:25:33.835] [sharedprocess] [info] Installing the extension without checking dependencies and pack bazelbuild.vscode-bazel
[2022-07-26 13:25:33.891] [sharedprocess] [info] Installing extension: vue.volar
[2022-07-26 13:25:33.892] [sharedprocess] [info] Installing the extension without checking dependencies and pack vue.volar
[2022-07-26 13:25:33.892] [sharedprocess] [info] Installing extension: aaron-bond.better-comments
[2022-07-26 13:25:33.892] [sharedprocess] [info] Installing the extension without checking dependencies and pack aaron-bond.better-comments
[2022-07-26 13:25:33.893] [sharedprocess] [info] Installing extension: mindaro-dev.file-downloader
[2022-07-26 13:25:33.893] [sharedprocess] [info] Installing the extension without checking dependencies and pack mindaro-dev.file-downloader
[2022-07-26 13:25:33.893] [sharedprocess] [info] Installing extension: heybourn.headwind
[2022-07-26 13:25:33.894] [sharedprocess] [info] Installing the extension without checking dependencies and pack heybourn.headwind
[2022-07-26 13:25:33.894] [sharedprocess] [info] Installing extension: emmanuelbeziat.vscode-great-icons
[2022-07-26 13:25:33.894] [sharedprocess] [info] Installing the extension without checking dependencies and pack emmanuelbeziat.vscode-great-icons
[2022-07-26 13:25:33.895] [sharedprocess] [info] Installing extension: psioniq.psi-header
[2022-07-26 13:25:33.895] [sharedprocess] [info] Installing the extension without checking dependencies and pack psioniq.psi-header
[2022-07-26 13:25:33.895] [sharedprocess] [info] Installing extension: yzhang.markdown-all-in-one
[2022-07-26 13:25:33.895] [sharedprocess] [info] Installing the extension without checking dependencies and pack yzhang.markdown-all-in-one
[2022-07-26 13:25:33.896] [sharedprocess] [info] Installing extension: devondcarew.bazel-code
[2022-07-26 13:25:33.896] [sharedprocess] [info] Installing the extension without checking dependencies and pack devondcarew.bazel-code
[2022-07-26 13:25:33.937] [sharedprocess] [info] Installing extension: mrmlnc.vscode-less
[2022-07-26 13:25:33.937] [sharedprocess] [info] Installing the extension without checking dependencies and pack mrmlnc.vscode-less
[2022-07-26 13:25:33.938] [sharedprocess] [info] Installing extension: dotjoshjohnson.xml
[2022-07-26 13:25:33.938] [sharedprocess] [info] Installing the extension without checking dependencies and pack dotjoshjohnson.xml
[2022-07-26 13:25:33.965] [sharedprocess] [info] Installing extension: golang.go
[2022-07-26 13:25:33.965] [sharedprocess] [info] Installing the extension without checking dependencies and pack golang.go
[2022-07-26 13:25:33.969] [sharedprocess] [info] Installing extension: mushan.vscode-paste-image
[2022-07-26 13:25:33.969] [sharedprocess] [info] Installing the extension without checking dependencies and pack mushan.vscode-paste-image
[2022-07-26 13:25:34.027] [sharedprocess] [info] Installing extension: guyskk.language-cython
[2022-07-26 13:25:34.027] [sharedprocess] [info] Installing the extension without checking dependencies and pack guyskk.language-cython
[2022-07-26 13:25:34.099] [sharedprocess] [info] Installing extension: mohsen1.prettify-json
[2022-07-26 13:25:34.099] [sharedprocess] [info] Installing the extension without checking dependencies and pack mohsen1.prettify-json
[2022-07-26 13:25:34.626] [sharedprocess] [info] Downloaded extension: eg2.vscode-npm-script /home/leozeli/.config/Code/CachedExtensionVSIXs/eg2.vscode-npm-script-0.3.28
[2022-07-26 13:25:34.627] [sharedprocess] [info] Downloaded extension: christian-kohler.npm-intellisense /home/leozeli/.config/Code/CachedExtensionVSIXs/christian-kohler.npm-intellisense-1.4.2
[2022-07-26 13:25:34.655] [sharedprocess] [info] Extracted extension to /home/leozeli/.vscode/extensions/.6a0c0e0f-8154-42d7-ac1e-1afec7cf6253: eg2.vscode-npm-script
[2022-07-26 13:25:34.658] [sharedprocess] [info] Renamed to /home/leozeli/.vscode/extensions/eg2.vscode-npm-script-0.3.28
[2022-07-26 13:25:34.660] [sharedprocess] [info] Extracting completed. eg2.vscode-npm-script
[2022-07-26 13:25:34.661] [sharedprocess] [info] Extension installed successfully: eg2.vscode-npm-script
[2022-07-26 13:25:34.662] [sharedprocess] [info] Extracted extension to /home/leozeli/.vscode/extensions/.b9f89a0f-5451-4de7-8fee-0ed74046a084: christian-kohler.npm-intellisense
[2022-07-26 13:25:34.664] [sharedprocess] [info] Renamed to /home/leozeli/.vscode/extensions/christian-kohler.npm-intellisense-1.4.2
[2022-07-26 13:25:34.664] [sharedprocess] [info] Extracting completed. christian-kohler.npm-intellisense
[2022-07-26 13:25:34.665] [sharedprocess] [info] Extension installed successfully: christian-kohler.npm-intellisense
[2022-07-26 13:25:34.841] [sharedprocess] [info] Downloaded extension: ms-toolsai.jupyter-renderers /home/leozeli/.config/Code/CachedExtensionVSIXs/ms-toolsai.jupyter-renderers-1.0.9
[2022-07-26 13:25:34.841] [sharedprocess] [info] Downloaded extension: ms-toolsai.jupyter-keymap /home/leozeli/.config/Code/CachedExtensionVSIXs/ms-toolsai.jupyter-keymap-1.0.0
[2022-07-26 13:25:34.848] [sharedprocess] [info] Extracted extension to /home/leozeli/.vscode/extensions/.6f285a13-94b8-47bb-bd28-433e000292ec: ms-toolsai.jupyter-keymap
[2022-07-26 13:25:34.850] [sharedprocess] [info] Renamed to /home/leozeli/.vscode/extensions/ms-toolsai.jupyter-keymap-1.0.0
[2022-07-26 13:25:34.850] [sharedprocess] [info] Extracting completed. ms-toolsai.jupyter-keymap
[2022-07-26 13:25:34.851] [sharedprocess] [info] Extension installed successfully: ms-toolsai.jupyter-keymap
[2022-07-26 13:25:34.925] [sharedprocess] [info] Extracted extension to /home/leozeli/.vscode/extensions/.7e68a037-c15b-481e-8d5b-d192bd0ab46b: ms-toolsai.jupyter-renderers
[2022-07-26 13:25:34.927] [sharedprocess] [info] Renamed to /home/leozeli/.vscode/extensions/ms-toolsai.jupyter-renderers-1.0.9
[2022-07-26 13:25:34.928] [sharedprocess] [info] Extracting completed. ms-toolsai.jupyter-renderers
[2022-07-26 13:25:34.928] [sharedprocess] [info] Extension installed successfully: ms-toolsai.jupyter-renderers
[2022-07-26 13:25:35.495] [sharedprocess] [info] Downloaded extension: ms-toolsai.jupyter /home/leozeli/.config/Code/CachedExtensionVSIXs/ms-toolsai.jupyter-2022.6.1201981810
[2022-07-26 13:25:35.635] [sharedprocess] [info] Downloaded extension: vadimcn.vscode-lldb /home/leozeli/.config/Code/CachedExtensionVSIXs/vadimcn.vscode-lldb-1.7.3
[2022-07-26 13:25:35.639] [sharedprocess] [info] Extracted extension to /home/leozeli/.vscode/extensions/.6d6036c9-70bf-487e-934e-db0f118f0b29: vadimcn.vscode-lldb
[2022-07-26 13:25:35.641] [sharedprocess] [info] Renamed to /home/leozeli/.vscode/extensions/vadimcn.vscode-lldb-1.7.3
[2022-07-26 13:25:35.642] [sharedprocess] [info] Extracting completed. vadimcn.vscode-lldb
[2022-07-26 13:25:35.642] [sharedprocess] [info] Extension installed successfully: vadimcn.vscode-lldb
[2022-07-26 13:25:35.729] [sharedprocess] [info] Extracted extension to /home/leozeli/.vscode/extensions/.476fa78d-e8e9-4f53-aec3-e4c3ba4d8a59: ms-toolsai.jupyter
[2022-07-26 13:25:35.732] [sharedprocess] [info] Renamed to /home/leozeli/.vscode/extensions/ms-toolsai.jupyter-2022.6.1201981810
[2022-07-26 13:25:35.736] [sharedprocess] [info] Extracting completed. ms-toolsai.jupyter
[2022-07-26 13:25:35.737] [sharedprocess] [info] Extension installed successfully: ms-toolsai.jupyter
[2022-07-26 13:25:37.291] [sharedprocess] [info] Downloaded extension: usernamehw.errorlens /home/leozeli/.config/Code/CachedExtensionVSIXs/usernamehw.errorlens-3.6.0
[2022-07-26 13:25:37.298] [sharedprocess] [info] Extracted extension to /home/leozeli/.vscode/extensions/.293a3a2a-217d-4a55-9d17-708faf8c8632: usernamehw.errorlens
[2022-07-26 13:25:37.300] [sharedprocess] [info] Renamed to /home/leozeli/.vscode/extensions/usernamehw.errorlens-3.6.0
[2022-07-26 13:25:37.301] [sharedprocess] [info] Extracting completed. usernamehw.errorlens
[2022-07-26 13:25:37.301] [sharedprocess] [info] Extension installed successfully: usernamehw.errorlens
[2022-07-26 13:25:37.374] [sharedprocess] [info] Downloaded extension: ms-azuretools.vscode-docker /home/leozeli/.config/Code/CachedExtensionVSIXs/ms-azuretools.vscode-docker-1.22.1
[2022-07-26 13:25:37.423] [sharedprocess] [info] Extracted extension to /home/leozeli/.vscode/extensions/.d2d3c94a-8691-493c-ad37-0ecf1b1f4726: ms-azuretools.vscode-docker
[2022-07-26 13:25:37.426] [sharedprocess] [info] Renamed to /home/leozeli/.vscode/extensions/ms-azuretools.vscode-docker-1.22.1
[2022-07-26 13:25:37.429] [sharedprocess] [info] Extracting completed. ms-azuretools.vscode-docker
[2022-07-26 13:25:37.430] [sharedprocess] [info] Extension installed successfully: ms-azuretools.vscode-docker
[2022-07-26 13:25:39.372] [sharedprocess] [info] Downloaded extension: ritwickdey.liveserver /home/leozeli/.config/Code/CachedExtensionVSIXs/ritwickdey.liveserver-5.7.5
[2022-07-26 13:25:39.399] [sharedprocess] [info] Downloaded extension: ms-vscode.makefile-tools /home/leozeli/.config/Code/CachedExtensionVSIXs/ms-vscode.makefile-tools-0.5.0
[2022-07-26 13:25:39.633] [sharedprocess] [info] Extracted extension to /home/leozeli/.vscode/extensions/.8f872f57-286e-4d64-9b71-24649577ec0c: ms-vscode.makefile-tools
[2022-07-26 13:25:39.636] [sharedprocess] [info] Renamed to /home/leozeli/.vscode/extensions/ms-vscode.makefile-tools-0.5.0
[2022-07-26 13:25:39.638] [sharedprocess] [info] Extracting completed. ms-vscode.makefile-tools
[2022-07-26 13:25:39.638] [sharedprocess] [info] Extension installed successfully: ms-vscode.makefile-tools
[2022-07-26 13:25:39.702] [sharedprocess] [info] Extracted extension to /home/leozeli/.vscode/extensions/.d4c625ab-d8d0-40c4-a386-cc08c89fe229: ritwickdey.liveserver
[2022-07-26 13:25:39.704] [sharedprocess] [info] Renamed to /home/leozeli/.vscode/extensions/ritwickdey.liveserver-5.7.5
[2022-07-26 13:25:39.705] [sharedprocess] [info] Extracting completed. ritwickdey.liveserver
[2022-07-26 13:25:39.705] [sharedprocess] [info] Extension installed successfully: ritwickdey.liveserver
[2022-07-26 13:25:40.283] [sharedprocess] [info] Downloaded extension: ms-vscode.cpptools-extension-pack /home/leozeli/.config/Code/CachedExtensionVSIXs/ms-vscode.cpptools-extension-pack-1.2.0
[2022-07-26 13:25:40.286] [sharedprocess] [info] Extracted extension to /home/leozeli/.vscode/extensions/.b7ef531c-835a-4bb1-8cea-2a8b7b20d439: ms-vscode.cpptools-extension-pack
[2022-07-26 13:25:40.288] [sharedprocess] [info] Renamed to /home/leozeli/.vscode/extensions/ms-vscode.cpptools-extension-pack-1.2.0
[2022-07-26 13:25:40.289] [sharedprocess] [info] Extracting completed. ms-vscode.cpptools-extension-pack
[2022-07-26 13:25:40.289] [sharedprocess] [info] Extension installed successfully: ms-vscode.cpptools-extension-pack
[2022-07-26 13:25:40.354] [sharedprocess] [info] Downloaded extension: ms-vscode.cpptools-themes /home/leozeli/.config/Code/CachedExtensionVSIXs/ms-vscode.cpptools-themes-1.0.0
[2022-07-26 13:25:40.359] [sharedprocess] [info] Extracted extension to /home/leozeli/.vscode/extensions/.962c707d-d95b-4f5c-903c-6fd64e148289: ms-vscode.cpptools-themes
[2022-07-26 13:25:40.360] [sharedprocess] [info] Renamed to /home/leozeli/.vscode/extensions/ms-vscode.cpptools-themes-1.0.0
[2022-07-26 13:25:40.361] [sharedprocess] [info] Extracting completed. ms-vscode.cpptools-themes
[2022-07-26 13:25:40.361] [sharedprocess] [info] Extension installed successfully: ms-vscode.cpptools-themes
[2022-07-26 13:25:40.476] [sharedprocess] [info] Downloaded extension: ms-vscode.cmake-tools /home/leozeli/.config/Code/CachedExtensionVSIXs/ms-vscode.cmake-tools-1.11.26
[2022-07-26 13:25:40.550] [sharedprocess] [info] Extracted extension to /home/leozeli/.vscode/extensions/.31378725-bdc7-407b-83b9-2295759362e0: ms-vscode.cmake-tools
[2022-07-26 13:25:40.553] [sharedprocess] [info] Renamed to /home/leozeli/.vscode/extensions/ms-vscode.cmake-tools-1.11.26
[2022-07-26 13:25:40.560] [sharedprocess] [info] Extracting completed. ms-vscode.cmake-tools
[2022-07-26 13:25:40.562] [sharedprocess] [info] Extension installed successfully: ms-vscode.cmake-tools
[2022-07-26 13:25:41.257] [sharedprocess] [info] Downloaded extension: zainchen.json /home/leozeli/.config/Code/CachedExtensionVSIXs/zainchen.json-2.0.2
[2022-07-26 13:25:41.266] [sharedprocess] [info] Extracted extension to /home/leozeli/.vscode/extensions/.c2c55332-ed9a-42e6-990c-fa10b6c90e19: zainchen.json
[2022-07-26 13:25:41.268] [sharedprocess] [info] Renamed to /home/leozeli/.vscode/extensions/zainchen.json-2.0.2
[2022-07-26 13:25:41.268] [sharedprocess] [info] Extracting completed. zainchen.json
[2022-07-26 13:25:41.269] [sharedprocess] [info] Extension installed successfully: zainchen.json
[2022-07-26 13:25:45.154] [sharedprocess] [info] Downloaded extension: adpyke.codesnap /home/leozeli/.config/Code/CachedExtensionVSIXs/adpyke.codesnap-1.3.4
[2022-07-26 13:25:45.485] [sharedprocess] [info] Extracted extension to /home/leozeli/.vscode/extensions/.37b2a2da-2e47-43da-83db-960ff728131b: adpyke.codesnap
[2022-07-26 13:25:45.491] [sharedprocess] [info] Renamed to /home/leozeli/.vscode/extensions/adpyke.codesnap-1.3.4
[2022-07-26 13:25:45.491] [sharedprocess] [info] Extracting completed. adpyke.codesnap
[2022-07-26 13:25:45.492] [sharedprocess] [info] Extension installed successfully: adpyke.codesnap
[2022-07-26 13:25:47.768] [sharedprocess] [info] Downloaded extension: ms-vscode.cpptools /home/leozeli/.config/Code/CachedExtensionVSIXs/ms-vscode.cpptools-1.11.4-linux-x64
[2022-07-26 13:25:48.870] [sharedprocess] [info] Extracted extension to /home/leozeli/.vscode/extensions/.f3276f9d-e710-4537-b3ff-c651c1f6c64f: ms-vscode.cpptools
[2022-07-26 13:25:48.876] [sharedprocess] [info] Renamed to /home/leozeli/.vscode/extensions/ms-vscode.cpptools-1.11.4-linux-x64
[2022-07-26 13:25:48.882] [sharedprocess] [info] Extracting completed. ms-vscode.cpptools
[2022-07-26 13:25:48.883] [sharedprocess] [info] Extension installed successfully: ms-vscode.cpptools
[2022-07-26 13:25:50.486] [sharedprocess] [info] Downloaded extension: james-yu.latex-workshop /home/leozeli/.config/Code/CachedExtensionVSIXs/james-yu.latex-workshop-8.28.0
[2022-07-26 13:25:50.689] [sharedprocess] [info] Downloaded extension: davidanson.vscode-markdownlint /home/leozeli/.config/Code/CachedExtensionVSIXs/davidanson.vscode-markdownlint-0.47.0
[2022-07-26 13:25:50.697] [sharedprocess] [info] Extracted extension to /home/leozeli/.vscode/extensions/.de6b780f-6035-4135-893a-7c4012da51a8: davidanson.vscode-markdownlint
[2022-07-26 13:25:50.700] [sharedprocess] [info] Renamed to /home/leozeli/.vscode/extensions/davidanson.vscode-markdownlint-0.47.0
[2022-07-26 13:25:50.701] [sharedprocess] [info] Extracting completed. davidanson.vscode-markdownlint
[2022-07-26 13:25:50.701] [sharedprocess] [info] Extension installed successfully: davidanson.vscode-markdownlint
[2022-07-26 13:25:50.712] [sharedprocess] [info] Downloaded extension: guyskk.language-cython /home/leozeli/.config/Code/CachedExtensionVSIXs/guyskk.language-cython-0.0.7
[2022-07-26 13:25:50.717] [sharedprocess] [info] Extracted extension to /home/leozeli/.vscode/extensions/.bc80ad86-9540-4989-8b39-2a75ca25e69d: guyskk.language-cython
[2022-07-26 13:25:50.718] [sharedprocess] [info] Renamed to /home/leozeli/.vscode/extensions/guyskk.language-cython-0.0.7
[2022-07-26 13:25:50.719] [sharedprocess] [info] Extracting completed. guyskk.language-cython
[2022-07-26 13:25:50.720] [sharedprocess] [info] Extension installed successfully: guyskk.language-cython
[2022-07-26 13:25:50.732] [sharedprocess] [info] Downloaded extension: mechatroner.rainbow-csv /home/leozeli/.config/Code/CachedExtensionVSIXs/mechatroner.rainbow-csv-2.4.0
[2022-07-26 13:25:50.758] [sharedprocess] [info] Extracted extension to /home/leozeli/.vscode/extensions/.968708f0-2156-4a67-9b56-f04bab23cbed: mechatroner.rainbow-csv
[2022-07-26 13:25:50.762] [sharedprocess] [info] Renamed to /home/leozeli/.vscode/extensions/mechatroner.rainbow-csv-2.4.0
[2022-07-26 13:25:50.762] [sharedprocess] [info] Downloaded extension: bungcip.better-toml /home/leozeli/.config/Code/CachedExtensionVSIXs/bungcip.better-toml-0.3.2
[2022-07-26 13:25:50.763] [sharedprocess] [info] Extracting completed. mechatroner.rainbow-csv
[2022-07-26 13:25:50.763] [sharedprocess] [info] Extension installed successfully: mechatroner.rainbow-csv
[2022-07-26 13:25:50.810] [sharedprocess] [info] Extracted extension to /home/leozeli/.vscode/extensions/.6cb2f9d4-c0ee-41c6-a155-f0f09a5123cd: bungcip.better-toml
[2022-07-26 13:25:50.812] [sharedprocess] [info] Renamed to /home/leozeli/.vscode/extensions/bungcip.better-toml-0.3.2
[2022-07-26 13:25:50.813] [sharedprocess] [info] Extracting completed. bungcip.better-toml
[2022-07-26 13:25:50.814] [sharedprocess] [info] Extension installed successfully: bungcip.better-toml
[2022-07-26 13:25:50.858] [sharedprocess] [info] Extracted extension to /home/leozeli/.vscode/extensions/.35c6b8d8-e034-44f6-9328-59ed4d7390b7: james-yu.latex-workshop
[2022-07-26 13:25:50.861] [sharedprocess] [info] Renamed to /home/leozeli/.vscode/extensions/james-yu.latex-workshop-8.28.0
[2022-07-26 13:25:50.863] [sharedprocess] [info] Extracting completed. james-yu.latex-workshop
[2022-07-26 13:25:50.864] [sharedprocess] [info] Extension installed successfully: james-yu.latex-workshop
[2022-07-26 13:25:50.909] [sharedprocess] [info] Downloaded extension: ms-vscode-remote.remote-ssh /home/leozeli/.config/Code/CachedExtensionVSIXs/ms-vscode-remote.remote-ssh-0.84.0
[2022-07-26 13:25:50.949] [sharedprocess] [info] Downloaded extension: mtxr.sqltools /home/leozeli/.config/Code/CachedExtensionVSIXs/mtxr.sqltools-0.23.0
[2022-07-26 13:25:50.966] [sharedprocess] [info] Downloaded extension: zhuangtongfa.material-theme /home/leozeli/.config/Code/CachedExtensionVSIXs/zhuangtongfa.material-theme-3.15.2
[2022-07-26 13:25:50.988] [sharedprocess] [info] Downloaded extension: antfu.browse-lite /home/leozeli/.config/Code/CachedExtensionVSIXs/antfu.browse-lite-0.3.0
[2022-07-26 13:25:50.989] [sharedprocess] [info] Downloaded extension: devondcarew.bazel-code /home/leozeli/.config/Code/CachedExtensionVSIXs/devondcarew.bazel-code-0.1.9
[2022-07-26 13:25:51.003] [sharedprocess] [info] Extracted extension to /home/leozeli/.vscode/extensions/.16b6a480-b82d-4b80-ac58-de8f455b41eb: antfu.browse-lite
[2022-07-26 13:25:51.006] [sharedprocess] [info] Renamed to /home/leozeli/.vscode/extensions/antfu.browse-lite-0.3.0
[2022-07-26 13:25:51.008] [sharedprocess] [info] Extracting completed. antfu.browse-lite
[2022-07-26 13:25:51.008] [sharedprocess] [info] Extension installed successfully: antfu.browse-lite
[2022-07-26 13:25:51.012] [sharedprocess] [info] Extracted extension to /home/leozeli/.vscode/extensions/.a8e69b08-a09b-4e30-8f25-c101e048a8a5: devondcarew.bazel-code
[2022-07-26 13:25:51.055] [sharedprocess] [info] Renamed to /home/leozeli/.vscode/extensions/devondcarew.bazel-code-0.1.9
[2022-07-26 13:25:51.064] [sharedprocess] [info] Extracting completed. devondcarew.bazel-code
[2022-07-26 13:25:51.064] [sharedprocess] [info] Extension installed successfully: devondcarew.bazel-code
[2022-07-26 13:25:51.067] [sharedprocess] [info] Extracted extension to /home/leozeli/.vscode/extensions/.551baba7-0ddb-4364-9935-c0bf6a829b88: mtxr.sqltools
[2022-07-26 13:25:51.069] [sharedprocess] [info] Renamed to /home/leozeli/.vscode/extensions/mtxr.sqltools-0.23.0
[2022-07-26 13:25:51.070] [sharedprocess] [info] Extracting completed. mtxr.sqltools
[2022-07-26 13:25:51.071] [sharedprocess] [info] Extension installed successfully: mtxr.sqltools
[2022-07-26 13:25:51.075] [sharedprocess] [info] Extracted extension to /home/leozeli/.vscode/extensions/.a57be2e9-9308-414d-921e-c99b8fcd1a1a: zhuangtongfa.material-theme
[2022-07-26 13:25:51.077] [sharedprocess] [info] Renamed to /home/leozeli/.vscode/extensions/zhuangtongfa.material-theme-3.15.2
[2022-07-26 13:25:51.078] [sharedprocess] [info] Extracting completed. zhuangtongfa.material-theme
[2022-07-26 13:25:51.079] [sharedprocess] [info] Extension installed successfully: zhuangtongfa.material-theme
[2022-07-26 13:25:51.079] [sharedprocess] [info] Extracted extension to /home/leozeli/.vscode/extensions/.6b8c0157-29af-4213-80a5-ff505cffbb66: ms-vscode-remote.remote-ssh
[2022-07-26 13:25:51.081] [sharedprocess] [info] Renamed to /home/leozeli/.vscode/extensions/ms-vscode-remote.remote-ssh-0.84.0
[2022-07-26 13:25:51.082] [sharedprocess] [info] Extracting completed. ms-vscode-remote.remote-ssh
[2022-07-26 13:25:51.083] [sharedprocess] [info] Extension installed successfully: ms-vscode-remote.remote-ssh
[2022-07-26 13:25:51.298] [sharedprocess] [info] Downloaded extension: antfu.iconify /home/leozeli/.config/Code/CachedExtensionVSIXs/antfu.iconify-0.3.3
[2022-07-26 13:25:51.318] [sharedprocess] [info] Extracted extension to /home/leozeli/.vscode/extensions/.342c4ee3-6c64-4149-82c0-d269043b69dc: antfu.iconify
[2022-07-26 13:25:51.321] [sharedprocess] [info] Renamed to /home/leozeli/.vscode/extensions/antfu.iconify-0.3.3
[2022-07-26 13:25:51.322] [sharedprocess] [info] Extracting completed. antfu.iconify
[2022-07-26 13:25:51.322] [sharedprocess] [info] Extension installed successfully: antfu.iconify
[2022-07-26 13:25:51.339] [sharedprocess] [info] Downloaded extension: antfu.vite /home/leozeli/.config/Code/CachedExtensionVSIXs/antfu.vite-0.2.5
[2022-07-26 13:25:51.343] [sharedprocess] [info] Extracted extension to /home/leozeli/.vscode/extensions/.048ec1e0-088a-4e70-8b8e-db92bf76393e: antfu.vite
[2022-07-26 13:25:51.344] [sharedprocess] [info] Renamed to /home/leozeli/.vscode/extensions/antfu.vite-0.2.5
[2022-07-26 13:25:51.345] [sharedprocess] [info] Extracting completed. antfu.vite
[2022-07-26 13:25:51.345] [sharedprocess] [info] Extension installed successfully: antfu.vite
[2022-07-26 13:25:51.445] [sharedprocess] [info] Downloaded extension: ms-python.python /home/leozeli/.config/Code/CachedExtensionVSIXs/ms-python.python-2022.10.1
[2022-07-26 13:25:51.458] [sharedprocess] [info] Downloaded extension: pkief.material-icon-theme /home/leozeli/.config/Code/CachedExtensionVSIXs/pkief.material-icon-theme-4.19.0
[2022-07-26 13:25:51.459] [sharedprocess] [info] Downloaded extension: mtxr.sqltools-driver-mysql /home/leozeli/.config/Code/CachedExtensionVSIXs/mtxr.sqltools-driver-mysql-0.2.0
[2022-07-26 13:25:51.478] [sharedprocess] [info] Extracted extension to /home/leozeli/.vscode/extensions/.cee6e470-c0fc-46ea-a13e-b4ee9d8608aa: mtxr.sqltools-driver-mysql
[2022-07-26 13:25:51.480] [sharedprocess] [info] Renamed to /home/leozeli/.vscode/extensions/mtxr.sqltools-driver-mysql-0.2.0
[2022-07-26 13:25:51.481] [sharedprocess] [info] Extracting completed. mtxr.sqltools-driver-mysql
[2022-07-26 13:25:51.482] [sharedprocess] [info] Extension installed successfully: mtxr.sqltools-driver-mysql
[2022-07-26 13:25:51.543] [sharedprocess] [info] Downloaded extension: pkief.material-product-icons /home/leozeli/.config/Code/CachedExtensionVSIXs/pkief.material-product-icons-1.3.0
[2022-07-26 13:25:51.555] [sharedprocess] [info] Downloaded extension: ipedrazas.kubernetes-snippets /home/leozeli/.config/Code/CachedExtensionVSIXs/ipedrazas.kubernetes-snippets-0.1.9
[2022-07-26 13:25:51.566] [sharedprocess] [info] Extracted extension to /home/leozeli/.vscode/extensions/.0fb3736f-65f5-4925-a436-4fc072d7e2ce: pkief.material-product-icons
[2022-07-26 13:25:51.569] [sharedprocess] [info] Renamed to /home/leozeli/.vscode/extensions/pkief.material-product-icons-1.3.0
[2022-07-26 13:25:51.570] [sharedprocess] [info] Extracting completed. pkief.material-product-icons
[2022-07-26 13:25:51.570] [sharedprocess] [info] Extension installed successfully: pkief.material-product-icons
[2022-07-26 13:25:51.599] [sharedprocess] [info] Extracted extension to /home/leozeli/.vscode/extensions/.42ed83ed-2382-49c8-ba9d-e3bda907b502: ipedrazas.kubernetes-snippets
[2022-07-26 13:25:51.601] [sharedprocess] [info] Renamed to /home/leozeli/.vscode/extensions/ipedrazas.kubernetes-snippets-0.1.9
[2022-07-26 13:25:51.603] [sharedprocess] [info] Extracting completed. ipedrazas.kubernetes-snippets
[2022-07-26 13:25:51.603] [sharedprocess] [info] Extension installed successfully: ipedrazas.kubernetes-snippets
[2022-07-26 13:25:51.720] [sharedprocess] [info] Downloaded extension: foxundermoon.shell-format /home/leozeli/.config/Code/CachedExtensionVSIXs/foxundermoon.shell-format-7.2.2
[2022-07-26 13:25:51.731] [sharedprocess] [info] Extracted extension to /home/leozeli/.vscode/extensions/.ba6444f5-eff9-4ca8-a651-e6afc85cffbe: foxundermoon.shell-format
[2022-07-26 13:25:51.733] [sharedprocess] [info] Renamed to /home/leozeli/.vscode/extensions/foxundermoon.shell-format-7.2.2
[2022-07-26 13:25:51.734] [sharedprocess] [info] Extracting completed. foxundermoon.shell-format
[2022-07-26 13:25:51.735] [sharedprocess] [info] Extension installed successfully: foxundermoon.shell-format
[2022-07-26 13:25:51.809] [sharedprocess] [info] Downloaded extension: ms-vscode-remote.remote-ssh-edit /home/leozeli/.config/Code/CachedExtensionVSIXs/ms-vscode-remote.remote-ssh-edit-0.80.0
[2022-07-26 13:25:51.809] [sharedprocess] [info] Downloaded extension: kisstkondoros.vscode-gutter-preview /home/leozeli/.config/Code/CachedExtensionVSIXs/kisstkondoros.vscode-gutter-preview-0.30.0
[2022-07-26 13:25:51.817] [sharedprocess] [info] Extracted extension to /home/leozeli/.vscode/extensions/.c9ed01f2-d1e4-4d38-b2ac-83664cb71da4: ms-vscode-remote.remote-ssh-edit
[2022-07-26 13:25:51.820] [sharedprocess] [info] Renamed to /home/leozeli/.vscode/extensions/ms-vscode-remote.remote-ssh-edit-0.80.0
[2022-07-26 13:25:51.821] [sharedprocess] [info] Extracting completed. ms-vscode-remote.remote-ssh-edit
[2022-07-26 13:25:51.821] [sharedprocess] [info] Extension installed successfully: ms-vscode-remote.remote-ssh-edit
[2022-07-26 13:25:51.827] [sharedprocess] [info] Extracted extension to /home/leozeli/.vscode/extensions/.d9d00745-62da-471c-9ee3-4b8b1e8694cb: kisstkondoros.vscode-gutter-preview
[2022-07-26 13:25:51.828] [sharedprocess] [info] Renamed to /home/leozeli/.vscode/extensions/kisstkondoros.vscode-gutter-preview-0.30.0
[2022-07-26 13:25:51.830] [sharedprocess] [info] Extracting completed. kisstkondoros.vscode-gutter-preview
[2022-07-26 13:25:51.831] [sharedprocess] [info] Extension installed successfully: kisstkondoros.vscode-gutter-preview
[2022-07-26 13:25:51.950] [sharedprocess] [info] Downloaded extension: uctakeoff.vscode-counter /home/leozeli/.config/Code/CachedExtensionVSIXs/uctakeoff.vscode-counter-3.0.5
[2022-07-26 13:25:51.966] [sharedprocess] [info] Extracted extension to /home/leozeli/.vscode/extensions/.d0e5fa7b-67b4-4838-9e7c-98d4c53373c7: uctakeoff.vscode-counter
[2022-07-26 13:25:51.969] [sharedprocess] [info] Renamed to /home/leozeli/.vscode/extensions/uctakeoff.vscode-counter-3.0.5
[2022-07-26 13:25:51.970] [sharedprocess] [info] Extracting completed. uctakeoff.vscode-counter
[2022-07-26 13:25:51.971] [sharedprocess] [info] Extension installed successfully: uctakeoff.vscode-counter
[2022-07-26 13:25:52.048] [sharedprocess] [info] Extracted extension to /home/leozeli/.vscode/extensions/.ba4d0c50-5cf8-4800-9f54-2c202a881346: pkief.material-icon-theme
[2022-07-26 13:25:52.050] [sharedprocess] [info] Renamed to /home/leozeli/.vscode/extensions/pkief.material-icon-theme-4.19.0
[2022-07-26 13:25:52.051] [sharedprocess] [info] Extracting completed. pkief.material-icon-theme
[2022-07-26 13:25:52.051] [sharedprocess] [info] Extension installed successfully: pkief.material-icon-theme
[2022-07-26 13:25:52.249] [sharedprocess] [info] Downloaded extension: arcticicestudio.nord-visual-studio-code /home/leozeli/.config/Code/CachedExtensionVSIXs/arcticicestudio.nord-visual-studio-code-0.19.0
[2022-07-26 13:25:52.253] [sharedprocess] [info] Extracted extension to /home/leozeli/.vscode/extensions/.883ac324-3296-4853-840d-f2d9e5e4d144: arcticicestudio.nord-visual-studio-code
[2022-07-26 13:25:52.255] [sharedprocess] [info] Renamed to /home/leozeli/.vscode/extensions/arcticicestudio.nord-visual-studio-code-0.19.0
[2022-07-26 13:25:52.255] [sharedprocess] [info] Extracting completed. arcticicestudio.nord-visual-studio-code
[2022-07-26 13:25:52.256] [sharedprocess] [info] Extension installed successfully: arcticicestudio.nord-visual-studio-code
[2022-07-26 13:25:52.346] [sharedprocess] [info] Downloaded extension: codezombiech.gitignore /home/leozeli/.config/Code/CachedExtensionVSIXs/codezombiech.gitignore-0.9.0
[2022-07-26 13:25:52.349] [sharedprocess] [info] Extracted extension to /home/leozeli/.vscode/extensions/.89ae74e6-e2af-4f4a-b355-3eba9d153d47: codezombiech.gitignore
[2022-07-26 13:25:52.350] [sharedprocess] [info] Renamed to /home/leozeli/.vscode/extensions/codezombiech.gitignore-0.9.0
[2022-07-26 13:25:52.351] [sharedprocess] [info] Extracting completed. codezombiech.gitignore
[2022-07-26 13:25:52.351] [sharedprocess] [info] Extension installed successfully: codezombiech.gitignore
[2022-07-26 13:25:52.439] [sharedprocess] [info] Downloaded extension: emmanuelbeziat.vscode-great-icons /home/leozeli/.config/Code/CachedExtensionVSIXs/emmanuelbeziat.vscode-great-icons-2.1.86
[2022-07-26 13:25:52.448] [sharedprocess] [info] Downloaded extension: mikestead.dotenv /home/leozeli/.config/Code/CachedExtensionVSIXs/mikestead.dotenv-1.0.1
[2022-07-26 13:25:52.454] [sharedprocess] [info] Extracted extension to /home/leozeli/.vscode/extensions/.c8c5f2dd-0d54-43d0-a8ef-c28ab1b9d891: mikestead.dotenv
[2022-07-26 13:25:52.456] [sharedprocess] [info] Renamed to /home/leozeli/.vscode/extensions/mikestead.dotenv-1.0.1
[2022-07-26 13:25:52.457] [sharedprocess] [info] Extracting completed. mikestead.dotenv
[2022-07-26 13:25:52.457] [sharedprocess] [info] Extension installed successfully: mikestead.dotenv
[2022-07-26 13:25:52.551] [sharedprocess] [info] Downloaded extension: coenraads.bracket-pair-colorizer-2 /home/leozeli/.config/Code/CachedExtensionVSIXs/coenraads.bracket-pair-colorizer-2-0.2.4
[2022-07-26 13:25:52.584] [sharedprocess] [info] Extracted extension to /home/leozeli/.vscode/extensions/.c681b927-2da8-499d-b76c-e63adbdd3215: emmanuelbeziat.vscode-great-icons
[2022-07-26 13:25:52.586] [sharedprocess] [info] Renamed to /home/leozeli/.vscode/extensions/emmanuelbeziat.vscode-great-icons-2.1.86
[2022-07-26 13:25:52.586] [sharedprocess] [info] Extracted extension to /home/leozeli/.vscode/extensions/.8d0f3022-2caa-4e86-bd53-206dfb5b23dc: coenraads.bracket-pair-colorizer-2
[2022-07-26 13:25:52.587] [sharedprocess] [info] Extracting completed. emmanuelbeziat.vscode-great-icons
[2022-07-26 13:25:52.588] [sharedprocess] [info] Extension installed successfully: emmanuelbeziat.vscode-great-icons
[2022-07-26 13:25:52.589] [sharedprocess] [info] Renamed to /home/leozeli/.vscode/extensions/coenraads.bracket-pair-colorizer-2-0.2.4
[2022-07-26 13:25:52.589] [sharedprocess] [info] Extracting completed. coenraads.bracket-pair-colorizer-2
[2022-07-26 13:25:52.590] [sharedprocess] [info] Extension installed successfully: coenraads.bracket-pair-colorizer-2
[2022-07-26 13:25:52.649] [sharedprocess] [info] Downloaded extension: mindaro-dev.file-downloader /home/leozeli/.config/Code/CachedExtensionVSIXs/mindaro-dev.file-downloader-1.0.12
[2022-07-26 13:25:52.657] [sharedprocess] [info] Extracted extension to /home/leozeli/.vscode/extensions/.962fda39-90d7-4582-9372-29d690c7e3ca: mindaro-dev.file-downloader
[2022-07-26 13:25:52.659] [sharedprocess] [info] Renamed to /home/leozeli/.vscode/extensions/mindaro-dev.file-downloader-1.0.12
[2022-07-26 13:25:52.659] [sharedprocess] [info] Extracting completed. mindaro-dev.file-downloader
[2022-07-26 13:25:52.660] [sharedprocess] [info] Extension installed successfully: mindaro-dev.file-downloader
[2022-07-26 13:25:52.669] [sharedprocess] [info] Downloaded extension: dbaeumer.vscode-eslint /home/leozeli/.config/Code/CachedExtensionVSIXs/dbaeumer.vscode-eslint-2.2.6
[2022-07-26 13:25:52.676] [sharedprocess] [info] Extracted extension to /home/leozeli/.vscode/extensions/.a70e23ef-f1d5-4b20-8997-84d8d0b9bc86: dbaeumer.vscode-eslint
[2022-07-26 13:25:52.678] [sharedprocess] [info] Renamed to /home/leozeli/.vscode/extensions/dbaeumer.vscode-eslint-2.2.6
[2022-07-26 13:25:52.678] [sharedprocess] [info] Extracting completed. dbaeumer.vscode-eslint
[2022-07-26 13:25:52.679] [sharedprocess] [info] Extension installed successfully: dbaeumer.vscode-eslint
[2022-07-26 13:25:52.688] [sharedprocess] [info] Downloaded extension: mohsen1.prettify-json /home/leozeli/.config/Code/CachedExtensionVSIXs/mohsen1.prettify-json-0.0.3
[2022-07-26 13:25:52.721] [sharedprocess] [info] Extracted extension to /home/leozeli/.vscode/extensions/.b7f88443-2642-406c-a4ee-a9b39e5f21a6: ms-python.python
[2022-07-26 13:25:52.727] [sharedprocess] [info] Renamed to /home/leozeli/.vscode/extensions/ms-python.python-2022.10.1
[2022-07-26 13:25:52.730] [sharedprocess] [info] Extracting completed. ms-python.python
[2022-07-26 13:25:52.731] [sharedprocess] [info] Extension installed successfully: ms-python.python
[2022-07-26 13:25:52.732] [sharedprocess] [info] Downloaded extension: ms-vscode-remote.remote-containers /home/leozeli/.config/Code/CachedExtensionVSIXs/ms-vscode-remote.remote-containers-0.241.3
[2022-07-26 13:25:52.778] [sharedprocess] [info] Downloaded extension: ms-vscode-remote.remote-wsl /home/leozeli/.config/Code/CachedExtensionVSIXs/ms-vscode-remote.remote-wsl-0.66.3
[2022-07-26 13:25:52.874] [sharedprocess] [info] Downloaded extension: mrmlnc.vscode-less /home/leozeli/.config/Code/CachedExtensionVSIXs/mrmlnc.vscode-less-0.6.3
[2022-07-26 13:25:52.939] [sharedprocess] [info] Extracted extension to /home/leozeli/.vscode/extensions/.d139f89f-3a01-48d9-b63a-2bbc809ea53c: ms-vscode-remote.remote-wsl
[2022-07-26 13:25:52.941] [sharedprocess] [info] Renamed to /home/leozeli/.vscode/extensions/ms-vscode-remote.remote-wsl-0.66.3
[2022-07-26 13:25:52.943] [sharedprocess] [info] Extracting completed. ms-vscode-remote.remote-wsl
[2022-07-26 13:25:52.943] [sharedprocess] [info] Extension installed successfully: ms-vscode-remote.remote-wsl
[2022-07-26 13:25:52.948] [sharedprocess] [info] Extracted extension to /home/leozeli/.vscode/extensions/.a2bfc28e-df5a-4c81-a93f-674d2b9306a8: mohsen1.prettify-json
[2022-07-26 13:25:52.951] [sharedprocess] [info] Renamed to /home/leozeli/.vscode/extensions/mohsen1.prettify-json-0.0.3
[2022-07-26 13:25:52.951] [sharedprocess] [info] Extracting completed. mohsen1.prettify-json
[2022-07-26 13:25:52.952] [sharedprocess] [info] Extension installed successfully: mohsen1.prettify-json
[2022-07-26 13:25:52.990] [sharedprocess] [info] Downloaded extension: stylelint.vscode-stylelint /home/leozeli/.config/Code/CachedExtensionVSIXs/stylelint.vscode-stylelint-1.2.2
[2022-07-26 13:25:53.005] [sharedprocess] [info] Extracted extension to /home/leozeli/.vscode/extensions/.18cc156f-c18b-499a-b39e-eac556f8d98f: stylelint.vscode-stylelint
[2022-07-26 13:25:53.008] [sharedprocess] [info] Renamed to /home/leozeli/.vscode/extensions/stylelint.vscode-stylelint-1.2.2
[2022-07-26 13:25:53.009] [sharedprocess] [info] Extracting completed. stylelint.vscode-stylelint
[2022-07-26 13:25:53.010] [sharedprocess] [info] Extension installed successfully: stylelint.vscode-stylelint
[2022-07-26 13:25:53.061] [sharedprocess] [info] Extracted extension to /home/leozeli/.vscode/extensions/.c6d776fe-4f87-4acf-b696-7c175bc66f45: ms-vscode-remote.remote-containers
[2022-07-26 13:25:53.064] [sharedprocess] [info] Renamed to /home/leozeli/.vscode/extensions/ms-vscode-remote.remote-containers-0.241.3
[2022-07-26 13:25:53.065] [sharedprocess] [info] Extracting completed. ms-vscode-remote.remote-containers
[2022-07-26 13:25:53.066] [sharedprocess] [info] Extension installed successfully: ms-vscode-remote.remote-containers
[2022-07-26 13:25:53.073] [sharedprocess] [info] Extracted extension to /home/leozeli/.vscode/extensions/.f71d304e-ae00-4435-a99e-952e9bb314c8: mrmlnc.vscode-less
[2022-07-26 13:25:53.075] [sharedprocess] [info] Renamed to /home/leozeli/.vscode/extensions/mrmlnc.vscode-less-0.6.3
[2022-07-26 13:25:53.075] [sharedprocess] [info] Extracting completed. mrmlnc.vscode-less
[2022-07-26 13:25:53.076] [sharedprocess] [info] Extension installed successfully: mrmlnc.vscode-less
[2022-07-26 13:25:53.175] [sharedprocess] [info] Downloaded extension: psioniq.psi-header /home/leozeli/.config/Code/CachedExtensionVSIXs/psioniq.psi-header-1.19.1
[2022-07-26 13:25:53.178] [sharedprocess] [info] Downloaded extension: aaron-bond.better-comments /home/leozeli/.config/Code/CachedExtensionVSIXs/aaron-bond.better-comments-3.0.0
[2022-07-26 13:25:53.187] [sharedprocess] [info] Extracted extension to /home/leozeli/.vscode/extensions/.bd840cbe-8998-429c-8861-7dacdf3a173c: aaron-bond.better-comments
[2022-07-26 13:25:53.190] [sharedprocess] [info] Renamed to /home/leozeli/.vscode/extensions/aaron-bond.better-comments-3.0.0
[2022-07-26 13:25:53.191] [sharedprocess] [info] Extracting completed. aaron-bond.better-comments
[2022-07-26 13:25:53.191] [sharedprocess] [info] Extension installed successfully: aaron-bond.better-comments
[2022-07-26 13:25:53.422] [sharedprocess] [info] Downloaded extension: redhat.vscode-yaml /home/leozeli/.config/Code/CachedExtensionVSIXs/redhat.vscode-yaml-1.9.1
[2022-07-26 13:25:53.442] [sharedprocess] [info] Extracted extension to /home/leozeli/.vscode/extensions/.f3010613-6573-4289-b268-a7e8e7d21f72: redhat.vscode-yaml
[2022-07-26 13:25:53.444] [sharedprocess] [info] Renamed to /home/leozeli/.vscode/extensions/redhat.vscode-yaml-1.9.1
[2022-07-26 13:25:53.445] [sharedprocess] [info] Extracting completed. redhat.vscode-yaml
[2022-07-26 13:25:53.445] [sharedprocess] [info] Extension installed successfully: redhat.vscode-yaml
[2022-07-26 13:25:53.453] [sharedprocess] [info] Downloaded extension: jeff-hykin.better-cpp-syntax /home/leozeli/.config/Code/CachedExtensionVSIXs/jeff-hykin.better-cpp-syntax-1.15.19
[2022-07-26 13:25:53.461] [sharedprocess] [info] Downloaded extension: mushan.vscode-paste-image /home/leozeli/.config/Code/CachedExtensionVSIXs/mushan.vscode-paste-image-1.0.4
[2022-07-26 13:25:53.464] [sharedprocess] [info] Extracted extension to /home/leozeli/.vscode/extensions/.a2d7ae4c-b313-405f-bf14-8b5a4a3aca2f: jeff-hykin.better-cpp-syntax
[2022-07-26 13:25:53.466] [sharedprocess] [info] Renamed to /home/leozeli/.vscode/extensions/jeff-hykin.better-cpp-syntax-1.15.19
[2022-07-26 13:25:53.466] [sharedprocess] [info] Extracting completed. jeff-hykin.better-cpp-syntax
[2022-07-26 13:25:53.467] [sharedprocess] [info] Extension installed successfully: jeff-hykin.better-cpp-syntax
[2022-07-26 13:25:53.484] [sharedprocess] [info] Extracted extension to /home/leozeli/.vscode/extensions/.df31a183-bf16-4934-9642-bd3cad6a4acc: psioniq.psi-header
[2022-07-26 13:25:53.486] [sharedprocess] [info] Renamed to /home/leozeli/.vscode/extensions/psioniq.psi-header-1.19.1
[2022-07-26 13:25:53.487] [sharedprocess] [info] Extracting completed. psioniq.psi-header
[2022-07-26 13:25:53.488] [sharedprocess] [info] Extension installed successfully: psioniq.psi-header
[2022-07-26 13:25:53.576] [sharedprocess] [info] Extracted extension to /home/leozeli/.vscode/extensions/.e379b482-10b6-4fb1-a1ea-e9eaec7afd6b: mushan.vscode-paste-image
[2022-07-26 13:25:53.578] [sharedprocess] [info] Renamed to /home/leozeli/.vscode/extensions/mushan.vscode-paste-image-1.0.4
[2022-07-26 13:25:53.579] [sharedprocess] [info] Extracting completed. mushan.vscode-paste-image
[2022-07-26 13:25:53.580] [sharedprocess] [info] Extension installed successfully: mushan.vscode-paste-image
[2022-07-26 13:25:53.674] [sharedprocess] [info] Downloaded extension: njpwerner.autodocstring /home/leozeli/.config/Code/CachedExtensionVSIXs/njpwerner.autodocstring-0.6.1
[2022-07-26 13:25:53.683] [sharedprocess] [info] Downloaded extension: dotjoshjohnson.xml /home/leozeli/.config/Code/CachedExtensionVSIXs/dotjoshjohnson.xml-2.5.1
[2022-07-26 13:25:53.694] [sharedprocess] [info] Extracted extension to /home/leozeli/.vscode/extensions/.f25052e1-6d3a-4e16-9db8-7b4bb7bec229: njpwerner.autodocstring
[2022-07-26 13:25:53.696] [sharedprocess] [info] Renamed to /home/leozeli/.vscode/extensions/njpwerner.autodocstring-0.6.1
[2022-07-26 13:25:53.697] [sharedprocess] [info] Extracting completed. njpwerner.autodocstring
[2022-07-26 13:25:53.697] [sharedprocess] [info] Extension installed successfully: njpwerner.autodocstring
[2022-07-26 13:25:53.784] [sharedprocess] [info] Downloaded extension: hollowtree.vue-snippets /home/leozeli/.config/Code/CachedExtensionVSIXs/hollowtree.vue-snippets-1.0.4
[2022-07-26 13:25:53.788] [sharedprocess] [info] Extracted extension to /home/leozeli/.vscode/extensions/.e6f3e224-b7ef-447e-b962-7b0c65e43717: hollowtree.vue-snippets
[2022-07-26 13:25:53.790] [sharedprocess] [info] Renamed to /home/leozeli/.vscode/extensions/hollowtree.vue-snippets-1.0.4
[2022-07-26 13:25:53.791] [sharedprocess] [info] Extracting completed. hollowtree.vue-snippets
[2022-07-26 13:25:53.791] [sharedprocess] [info] Extension installed successfully: hollowtree.vue-snippets
[2022-07-26 13:25:53.899] [sharedprocess] [info] Downloaded extension: golang.go /home/leozeli/.config/Code/CachedExtensionVSIXs/golang.go-0.35.1
[2022-07-26 13:25:53.921] [sharedprocess] [info] Extracted extension to /home/leozeli/.vscode/extensions/.6b63c2a8-700a-457b-b20c-ded9fa3981c8: golang.go
[2022-07-26 13:25:53.924] [sharedprocess] [info] Renamed to /home/leozeli/.vscode/extensions/golang.go-0.35.1
[2022-07-26 13:25:53.925] [sharedprocess] [info] Extracting completed. golang.go
[2022-07-26 13:25:53.926] [sharedprocess] [info] Extension installed successfully: golang.go
[2022-07-26 13:25:54.003] [sharedprocess] [info] Extracted extension to /home/leozeli/.vscode/extensions/.77de2c4b-7ba7-4d6a-858a-c93392a09bfc: dotjoshjohnson.xml
[2022-07-26 13:25:54.005] [sharedprocess] [info] Renamed to /home/leozeli/.vscode/extensions/dotjoshjohnson.xml-2.5.1
[2022-07-26 13:25:54.006] [sharedprocess] [info] Extracting completed. dotjoshjohnson.xml
[2022-07-26 13:25:54.006] [sharedprocess] [info] Extension installed successfully: dotjoshjohnson.xml
[2022-07-26 13:25:54.199] [sharedprocess] [info] Downloaded extension: vue.volar /home/leozeli/.config/Code/CachedExtensionVSIXs/vue.volar-0.39.1-linux-x64
[2022-07-26 13:25:54.238] [sharedprocess] [info] Extracted extension to /home/leozeli/.vscode/extensions/.d422eb58-917f-4e2e-99b8-b3d81c9afb20: vue.volar
[2022-07-26 13:25:54.240] [sharedprocess] [info] Renamed to /home/leozeli/.vscode/extensions/vue.volar-0.39.1-linux-x64
[2022-07-26 13:25:54.241] [sharedprocess] [info] Extracting completed. vue.volar
[2022-07-26 13:25:54.242] [sharedprocess] [info] Extension installed successfully: vue.volar
[2022-07-26 13:25:54.691] [sharedprocess] [info] Downloaded extension: serayuzgur.crates /home/leozeli/.config/Code/CachedExtensionVSIXs/serayuzgur.crates-0.5.10
[2022-07-26 13:25:54.716] [sharedprocess] [info] Extracted extension to /home/leozeli/.vscode/extensions/.ca3b1200-7efe-48cd-a575-2635a534d1ec: serayuzgur.crates
[2022-07-26 13:25:54.718] [sharedprocess] [info] Renamed to /home/leozeli/.vscode/extensions/serayuzgur.crates-0.5.10
[2022-07-26 13:25:54.719] [sharedprocess] [info] Extracting completed. serayuzgur.crates
[2022-07-26 13:25:54.719] [sharedprocess] [info] Extension installed successfully: serayuzgur.crates
[2022-07-26 13:25:55.784] [sharedprocess] [info] Downloaded extension: vscodevim.vim /home/leozeli/.config/Code/CachedExtensionVSIXs/vscodevim.vim-1.23.1
[2022-07-26 13:25:55.827] [sharedprocess] [info] Extracted extension to /home/leozeli/.vscode/extensions/.7c09dc83-68f1-4335-a304-ddccadf79d12: vscodevim.vim
[2022-07-26 13:25:55.829] [sharedprocess] [info] Renamed to /home/leozeli/.vscode/extensions/vscodevim.vim-1.23.1
[2022-07-26 13:25:55.830] [sharedprocess] [info] Extracting completed. vscodevim.vim
[2022-07-26 13:25:55.830] [sharedprocess] [info] Extension installed successfully: vscodevim.vim
[2022-07-26 13:25:56.042] [sharedprocess] [info] Downloaded extension: yzhang.markdown-all-in-one /home/leozeli/.config/Code/CachedExtensionVSIXs/yzhang.markdown-all-in-one-3.4.3
[2022-07-26 13:25:56.087] [sharedprocess] [info] Extracted extension to /home/leozeli/.vscode/extensions/.ca31f529-40be-4716-81a1-2b136c09e9a7: yzhang.markdown-all-in-one
[2022-07-26 13:25:56.089] [sharedprocess] [info] Renamed to /home/leozeli/.vscode/extensions/yzhang.markdown-all-in-one-3.4.3
[2022-07-26 13:25:56.090] [sharedprocess] [info] Extracting completed. yzhang.markdown-all-in-one
[2022-07-26 13:25:56.091] [sharedprocess] [info] Extension installed successfully: yzhang.markdown-all-in-one
[2022-07-26 13:25:56.653] [sharedprocess] [info] Downloaded extension: cschlosser.doxdocgen /home/leozeli/.config/Code/CachedExtensionVSIXs/cschlosser.doxdocgen-1.4.0
[2022-07-26 13:25:56.714] [sharedprocess] [info] Downloaded extension: ms-python.vscode-pylance /home/leozeli/.config/Code/CachedExtensionVSIXs/ms-python.vscode-pylance-2022.7.40
[2022-07-26 13:25:56.876] [sharedprocess] [info] Extracted extension to /home/leozeli/.vscode/extensions/.30cebdf4-75f1-4769-9ef9-50d8fa9e210c: cschlosser.doxdocgen
[2022-07-26 13:25:56.882] [sharedprocess] [info] Renamed to /home/leozeli/.vscode/extensions/cschlosser.doxdocgen-1.4.0
[2022-07-26 13:25:56.882] [sharedprocess] [info] Extracting completed. cschlosser.doxdocgen
[2022-07-26 13:25:56.883] [sharedprocess] [info] Extension installed successfully: cschlosser.doxdocgen
[2022-07-26 13:25:57.897] [sharedprocess] [info] Extracted extension to /home/leozeli/.vscode/extensions/.8dd2b0c2-3a85-4365-b43c-6a53a355ead9: ms-python.vscode-pylance
[2022-07-26 13:25:57.905] [sharedprocess] [info] Renamed to /home/leozeli/.vscode/extensions/ms-python.vscode-pylance-2022.7.40
[2022-07-26 13:25:57.906] [sharedprocess] [info] Extracting completed. ms-python.vscode-pylance
[2022-07-26 13:25:57.907] [sharedprocess] [info] Extension installed successfully: ms-python.vscode-pylance
[2022-07-26 13:25:58.039] [sharedprocess] [info] Downloaded extension: rust-lang.rust-analyzer /home/leozeli/.config/Code/CachedExtensionVSIXs/rust-lang.rust-analyzer-0.4.1141-linux-x64
[2022-07-26 13:25:58.272] [sharedprocess] [info] Extracted extension to /home/leozeli/.vscode/extensions/.f8a0b9eb-9021-4577-ba1d-6e217009f4ac: rust-lang.rust-analyzer
[2022-07-26 13:25:58.275] [sharedprocess] [info] Renamed to /home/leozeli/.vscode/extensions/rust-lang.rust-analyzer-0.4.1141-linux-x64
[2022-07-26 13:25:58.277] [sharedprocess] [info] Extracting completed. rust-lang.rust-analyzer
[2022-07-26 13:25:58.277] [sharedprocess] [info] Extension installed successfully: rust-lang.rust-analyzer
[2022-07-26 13:25:58.300] [sharedprocess] [info] Downloaded extension: heybourn.headwind /home/leozeli/.config/Code/CachedExtensionVSIXs/heybourn.headwind-1.7.0
[2022-07-26 13:25:58.338] [sharedprocess] [info] Extracted extension to /home/leozeli/.vscode/extensions/.798daaf1-0466-46c0-a25a-9bd5cc92fea7: heybourn.headwind
[2022-07-26 13:25:58.340] [sharedprocess] [info] Renamed to /home/leozeli/.vscode/extensions/heybourn.headwind-1.7.0
[2022-07-26 13:25:58.341] [sharedprocess] [info] Extracting completed. heybourn.headwind
[2022-07-26 13:25:58.341] [sharedprocess] [info] Extension installed successfully: heybourn.headwind
[2022-07-26 13:25:59.030] [sharedprocess] [info] Downloaded extension: esbenp.prettier-vscode /home/leozeli/.config/Code/CachedExtensionVSIXs/esbenp.prettier-vscode-9.5.0
[2022-07-26 13:25:59.138] [sharedprocess] [info] Downloaded extension: bazelbuild.vscode-bazel /home/leozeli/.config/Code/CachedExtensionVSIXs/bazelbuild.vscode-bazel-0.5.0
[2022-07-26 13:25:59.182] [sharedprocess] [info] Extracted extension to /home/leozeli/.vscode/extensions/.027753e7-5b7d-4e5e-b5a8-2de59f872a23: esbenp.prettier-vscode
[2022-07-26 13:25:59.185] [sharedprocess] [info] Renamed to /home/leozeli/.vscode/extensions/esbenp.prettier-vscode-9.5.0
[2022-07-26 13:25:59.186] [sharedprocess] [info] Extracting completed. esbenp.prettier-vscode
[2022-07-26 13:25:59.186] [sharedprocess] [info] Extension installed successfully: esbenp.prettier-vscode
[2022-07-26 13:25:59.678] [sharedprocess] [info] Extracted extension to /home/leozeli/.vscode/extensions/.bf1c206d-cfe4-45ff-a0a2-bb41efa93ec0: bazelbuild.vscode-bazel
[2022-07-26 13:25:59.681] [sharedprocess] [info] Renamed to /home/leozeli/.vscode/extensions/bazelbuild.vscode-bazel-0.5.0
[2022-07-26 13:25:59.681] [sharedprocess] [info] Extracting completed. bazelbuild.vscode-bazel
[2022-07-26 13:25:59.682] [sharedprocess] [info] Extension installed successfully: bazelbuild.vscode-bazel
[2022-07-26 13:26:00.337] [sharedprocess] [info] Downloaded extension: redhat.vscode-xml /home/leozeli/.config/Code/CachedExtensionVSIXs/redhat.vscode-xml-0.21.0-linux-x64
[2022-07-26 13:26:00.416] [sharedprocess] [info] Downloaded extension: zxh404.vscode-proto3 /home/leozeli/.config/Code/CachedExtensionVSIXs/zxh404.vscode-proto3-0.5.5
[2022-07-26 13:26:00.736] [sharedprocess] [info] Extracted extension to /home/leozeli/.vscode/extensions/.8ae975b1-2723-40e7-8e83-36e099db53f8: redhat.vscode-xml
[2022-07-26 13:26:00.739] [sharedprocess] [info] Renamed to /home/leozeli/.vscode/extensions/redhat.vscode-xml-0.21.0-linux-x64
[2022-07-26 13:26:00.740] [sharedprocess] [info] Extracting completed. redhat.vscode-xml
[2022-07-26 13:26:00.741] [sharedprocess] [info] Extension installed successfully: redhat.vscode-xml
[2022-07-26 13:26:01.256] [sharedprocess] [info] Downloaded extension: github.codespaces /home/leozeli/.config/Code/CachedExtensionVSIXs/github.codespaces-1.9.4
[2022-07-26 13:26:01.467] [sharedprocess] [info] Extracted extension to /home/leozeli/.vscode/extensions/.894f74c7-c42d-499b-a195-9c55b5eb6d86: github.codespaces
[2022-07-26 13:26:01.475] [sharedprocess] [info] Renamed to /home/leozeli/.vscode/extensions/github.codespaces-1.9.4
[2022-07-26 13:26:01.476] [sharedprocess] [info] Extracting completed. github.codespaces
[2022-07-26 13:26:01.477] [sharedprocess] [info] Extension installed successfully: github.codespaces
[2022-07-26 13:26:01.516] [sharedprocess] [info] Extracted extension to /home/leozeli/.vscode/extensions/.b2d9960e-16ca-4166-87a9-01611ab4d4ee: zxh404.vscode-proto3
[2022-07-26 13:26:01.519] [sharedprocess] [info] Renamed to /home/leozeli/.vscode/extensions/zxh404.vscode-proto3-0.5.5
[2022-07-26 13:26:01.520] [sharedprocess] [info] Extracting completed. zxh404.vscode-proto3
[2022-07-26 13:26:01.520] [sharedprocess] [info] Extension installed successfully: zxh404.vscode-proto3
[2022-07-26 13:26:02.175] [sharedprocess] [info] Downloaded extension: mintlify.document /home/leozeli/.config/Code/CachedExtensionVSIXs/mintlify.document-2.1.23
[2022-07-26 13:26:02.209] [sharedprocess] [info] Extracted extension to /home/leozeli/.vscode/extensions/.16405a67-003a-458f-8506-2ec979c954fb: mintlify.document
[2022-07-26 13:26:02.211] [sharedprocess] [info] Renamed to /home/leozeli/.vscode/extensions/mintlify.document-2.1.23
[2022-07-26 13:26:02.211] [sharedprocess] [info] Extracting completed. mintlify.document
[2022-07-26 13:26:02.212] [sharedprocess] [info] Extension installed successfully: mintlify.document
[2022-07-26 13:26:02.547] [sharedprocess] [info] Downloaded extension: visualstudioexptteam.vscodeintellicode /home/leozeli/.config/Code/CachedExtensionVSIXs/visualstudioexptteam.vscodeintellicode-1.2.22
[2022-07-26 13:26:02.588] [sharedprocess] [info] Downloaded extension: leetcode.vscode-leetcode /home/leozeli/.config/Code/CachedExtensionVSIXs/leetcode.vscode-leetcode-0.18.1
[2022-07-26 13:26:02.773] [sharedprocess] [info] Downloaded extension: twxs.cmake /home/leozeli/.config/Code/CachedExtensionVSIXs/twxs.cmake-0.0.17
[2022-07-26 13:26:02.797] [sharedprocess] [info] Extracted extension to /home/leozeli/.vscode/extensions/.2cf1011e-ec99-489f-bd21-5ee8f0f01af0: visualstudioexptteam.vscodeintellicode
[2022-07-26 13:26:02.799] [sharedprocess] [info] Renamed to /home/leozeli/.vscode/extensions/visualstudioexptteam.vscodeintellicode-1.2.22
[2022-07-26 13:26:02.800] [sharedprocess] [info] Extracting completed. visualstudioexptteam.vscodeintellicode
[2022-07-26 13:26:02.800] [sharedprocess] [info] Extension installed successfully: visualstudioexptteam.vscodeintellicode
[2022-07-26 13:26:02.864] [sharedprocess] [info] Extracted extension to /home/leozeli/.vscode/extensions/.6169e69c-70a9-4721-a817-9622dc66ce82: twxs.cmake
[2022-07-26 13:26:02.866] [sharedprocess] [info] Renamed to /home/leozeli/.vscode/extensions/twxs.cmake-0.0.17
[2022-07-26 13:26:02.867] [sharedprocess] [info] Extracting completed. twxs.cmake
[2022-07-26 13:26:02.868] [sharedprocess] [info] Extension installed successfully: twxs.cmake
[2022-07-26 13:26:03.543] [sharedprocess] [info] Extracted extension to /home/leozeli/.vscode/extensions/.11ccee78-5cdd-42e9-a866-923a3781affb: leetcode.vscode-leetcode
[2022-07-26 13:26:03.545] [sharedprocess] [info] Downloaded extension: randomfractalsinc.vscode-data-preview /home/leozeli/.config/Code/CachedExtensionVSIXs/randomfractalsinc.vscode-data-preview-2.3.0
[2022-07-26 13:26:03.546] [sharedprocess] [info] Renamed to /home/leozeli/.vscode/extensions/leetcode.vscode-leetcode-0.18.1
[2022-07-26 13:26:03.547] [sharedprocess] [info] Extracting completed. leetcode.vscode-leetcode
[2022-07-26 13:26:03.547] [sharedprocess] [info] Extension installed successfully: leetcode.vscode-leetcode
[2022-07-26 13:26:05.225] [sharedprocess] [info] Downloaded extension: shd101wyy.markdown-preview-enhanced /home/leozeli/.config/Code/CachedExtensionVSIXs/shd101wyy.markdown-preview-enhanced-0.6.3
[2022-07-26 13:26:05.581] [sharedprocess] [info] Extracted extension to /home/leozeli/.vscode/extensions/.f6059216-4bec-445d-82e3-1e75b0c46c15: randomfractalsinc.vscode-data-preview
[2022-07-26 13:26:05.585] [sharedprocess] [info] Renamed to /home/leozeli/.vscode/extensions/randomfractalsinc.vscode-data-preview-2.3.0
[2022-07-26 13:26:05.586] [sharedprocess] [info] Extracting completed. randomfractalsinc.vscode-data-preview
[2022-07-26 13:26:05.587] [sharedprocess] [info] Extension installed successfully: randomfractalsinc.vscode-data-preview
[2022-07-26 13:26:06.623] [sharedprocess] [info] Extracted extension to /home/leozeli/.vscode/extensions/.73dc49ad-5649-48d6-b759-135cb65d99be: shd101wyy.markdown-preview-enhanced
[2022-07-26 13:26:06.632] [sharedprocess] [info] Renamed to /home/leozeli/.vscode/extensions/shd101wyy.markdown-preview-enhanced-0.6.3
[2022-07-26 13:26:06.633] [sharedprocess] [info] Extracting completed. shd101wyy.markdown-preview-enhanced
[2022-07-26 13:26:06.633] [sharedprocess] [info] Extension installed successfully: shd101wyy.markdown-preview-enhanced
[2022-07-26 13:26:08.148] [sharedprocess] [info] Downloaded extension: hediet.vscode-drawio /home/leozeli/.config/Code/CachedExtensionVSIXs/hediet.vscode-drawio-1.6.4
[2022-07-26 13:26:08.664] [sharedprocess] [info] Downloaded extension: lokalise.i18n-ally /home/leozeli/.config/Code/CachedExtensionVSIXs/lokalise.i18n-ally-2.8.1
[2022-07-26 13:26:09.210] [sharedprocess] [info] Extracted extension to /home/leozeli/.vscode/extensions/.690cf67d-550f-4fbd-bb6b-dc60c24e47d6: hediet.vscode-drawio
[2022-07-26 13:26:09.215] [sharedprocess] [info] Renamed to /home/leozeli/.vscode/extensions/hediet.vscode-drawio-1.6.4
[2022-07-26 13:26:09.216] [sharedprocess] [info] Extracting completed. hediet.vscode-drawio
[2022-07-26 13:26:09.216] [sharedprocess] [info] Extension installed successfully: hediet.vscode-drawio
[2022-07-26 13:26:10.115] [sharedprocess] [info] Extracted extension to /home/leozeli/.vscode/extensions/.0845f5a7-e44f-4b6e-ad3c-efcb708e00f1: lokalise.i18n-ally
[2022-07-26 13:26:10.124] [sharedprocess] [info] Renamed to /home/leozeli/.vscode/extensions/lokalise.i18n-ally-2.8.1
[2022-07-26 13:26:10.126] [sharedprocess] [info] Extracting completed. lokalise.i18n-ally
[2022-07-26 13:26:10.126] [sharedprocess] [info] Extension installed successfully: lokalise.i18n-ally
[2022-07-26 14:35:05.396] [sharedprocess] [error] RequestService#request (browser) - error https://vscode-sync.trafficmanager.net/v1/resource/globalState/latest {}
