[1658847253473] INFO  (ext): SQLTools is starting
[1658847253475] INFO  (ext): initializing language client...
[1658847253475] INFO  (ext): Registering client for languages [{"scheme":"sqltools"},{"language":"sql","scheme":"untitled"},{"language":"sql","scheme":"file"},{"language":"sql","scheme":"sqltools"}]
    ns: "lc"
[1658847253476] INFO  (ext): loading plugins...
[1658847253476] INFO  (ext): registering Formatter Plugin.
    plugin: {
      "name": "Formatter Plugin"
    }
[1658847253476] INFO  (ext): registering Connection Manager Plugin.
    plugin: {
      "name": "Connection Manager Plugin"
    }
[1658847253477] INFO  (ext): registering CodeLens Plugin.
    plugin: {
      "name": "CodeLens Plugin",
      "registeredLanguages": []
    }
[1658847253477] INFO  (ext): registering Dependency Manager Plugin.
    plugin: {
      "name": "Dependency Manager Plugin",
      "installingDrivers": []
    }
[1658847253478] INFO  (ext): Connection explorer changed. Will be updated.
    ns: "conn-man:explorer"
[1658847253478] INFO  (ext): registering History Manager Plugin.
    plugin: {
      "name": "History Manager Plugin"
    }
[1658847253478] INFO  (ext): registering Bookmarks Manager Plugin.
    plugin: {
      "name": "Bookmarks Manager Plugin"
    }
[1658847253479] INFO  (ext): SQLTools activation completed. 6.017993 ms
[1658847253486] INFO  (ext): Formatter Plugin registered!
[1658847253486] INFO  (ext): CodeLens Plugin registered!
[1658847253486] INFO  (ext): Dependency Manager Plugin registered!
[1658847253486] INFO  (ext): Connection Manager Plugin registered!
[1658847253486] INFO  (ext): History Manager Plugin registered!
[1658847253486] INFO  (ext): Bookmarks Manager Plugin registered!
[1658847253581] INFO  (ls): SQLTools Server started!
===============================
Using node runtime?: no
ExecPath: /opt/visual-studio-code/code 
===============================
[1658847253584] INFO  (ls): Telemetry enabled!
    ns: "telemetry"
[1658847253714] INFO  (ext): LanguageClient ready
    ns: "lc"
[1658847253732] INFO  (ext): registering MySQL/MariaDB Plugin (driver).
    plugin: {
      "extensionId": "mtxr.sqltools-driver-mysql",
      "name": "MySQL/MariaDB Plugin",
      "type": "driver"
    }
[1658847253733] INFO  (ls): REQUEST RECEIVED => ls/RegisterPlugin
[1658847253733] INFO  (ls): request to register plugin: "/home/leozeli/.vscode/extensions/mtxr.sqltools-driver-mysql-0.2.0/out/ls/plugin.js"
[1658847253795] INFO  (ls): Driver mysql registered!
    place: "driver-map"
    ns: "ls-context"
[1658847253795] INFO  (ls): Driver mariadb registered!
    place: "driver-map"
    ns: "ls-context"
[1658847253795] INFO  (ext): MySQL/MariaDB Plugin (driver) registered!
[1658847254796] INFO  (ext): EXECUTING COMMAND => sqltools.refreshTree
[1658847254796] INFO  (ext): Connection explorer changed. Will be updated.
    ns: "conn-man:explorer"
[1658847255289] INFO  (ext): Connection explorer changed. Will be updated.
    ns: "conn-man:explorer"
[1658847255372] INFO  (ext): Connection explorer changed. Will be updated.
    ns: "conn-man:explorer"
[1658847255478] INFO  (ext): Connection explorer changed. Will be updated.
    ns: "conn-man:explorer"
