Visual Studio Code (1.69.2, undefined, desktop)
Jupyter Extension Version: 2022.6.1201981810.
Python Extension Version: 2022.10.1.
Workspace folder /home/leozeli/Documents/Code Space
info 23:54:23.535: ZMQ install verified.
User belongs to experiment group 'jupyterTest'
User belongs to experiment group 'jupyterEnhancedDataViewer'
info 23:54:23.806: LSP Notebooks experiment is disabled -- not in treatment group
info 23:54:23.820: Loading webview. View is notset
info 23:54:23.821: Loading web view...
info 23:54:23.855: Webview panel created.
info 23:54:23.901: Experiment status for python is {"enabled":true,"optInto":[],"optOutFrom":[]}
info 23:54:23.936: Process Execution: > /bin/python -m pip list
> /bin/python -m pip list
info 23:54:23.957: Process Execution: > /bin/python -c "import pip"
> /bin/python -c "import pip"
info 23:54:24.17: Web view react rendered
info 23:59:53.796: Shutting down notebooks for a593136b-cba1-47a3-9c56-8c00b24e5e10
info 23:59:53.796: Disposing HostJupyterExecution de8f9199-23b7-478c-bcde-7760cf581be1
info 23:59:53.796: Disposing super HostJupyterExecution de8f9199-23b7-478c-bcde-7760cf581be1
info 23:59:53.796: Disposing HostJupyterExecution de8f9199-23b7-478c-bcde-7760cf581be1
info 23:59:53.796: Finished disposing HostJupyterExecution  de8f9199-23b7-478c-bcde-7760cf581be1
info 23:59:53.802: Cleaning up server cache de8f9199-23b7-478c-bcde-7760cf581be1
info 23:59:53.803: Finished disposing HostJupyterExecution  de8f9199-23b7-478c-bcde-7760cf581be1
