[1658850728981] INFO  (ext): SQLTools is starting
[1658850728982] INFO  (ext): initializing language client...
[1658850728983] INFO  (ext): Registering client for languages [{"scheme":"sqltools"},{"language":"sql","scheme":"untitled"},{"language":"sql","scheme":"file"},{"language":"sql","scheme":"sqltools"}]
    ns: "lc"
[1658850728984] INFO  (ext): loading plugins...
[1658850728984] INFO  (ext): registering Formatter Plugin.
    plugin: {
      "name": "Formatter Plugin"
    }
[1658850728984] INFO  (ext): registering Connection Manager Plugin.
    plugin: {
      "name": "Connection Manager Plugin"
    }
[1658850728984] INFO  (ext): registering CodeLens Plugin.
    plugin: {
      "name": "CodeLens Plugin",
      "registeredLanguages": []
    }
[1658850728985] INFO  (ext): registering Dependency Manager Plugin.
    plugin: {
      "name": "Dependency Manager Plugin",
      "installingDrivers": []
    }
[1658850728986] INFO  (ext): Connection explorer changed. Will be updated.
    ns: "conn-man:explorer"
[1658850728986] INFO  (ext): registering History Manager Plugin.
    plugin: {
      "name": "History Manager Plugin"
    }
[1658850728986] INFO  (ext): registering Bookmarks Manager Plugin.
    plugin: {
      "name": "Bookmarks Manager Plugin"
    }
[1658850728986] INFO  (ext): SQLTools activation completed. 5.47964 ms
[1658850728992] INFO  (ext): Formatter Plugin registered!
[1658850728992] INFO  (ext): CodeLens Plugin registered!
[1658850728992] INFO  (ext): Dependency Manager Plugin registered!
[1658850728992] INFO  (ext): Connection Manager Plugin registered!
[1658850728992] INFO  (ext): History Manager Plugin registered!
[1658850728992] INFO  (ext): Bookmarks Manager Plugin registered!
[1658850729127] INFO  (ls): SQLTools Server started!
===============================
Using node runtime?: no
ExecPath: /opt/visual-studio-code/code 
===============================
[1658850729130] INFO  (ls): Telemetry enabled!
    ns: "telemetry"
[1658850729256] INFO  (ext): LanguageClient ready
    ns: "lc"
[1658850729272] INFO  (ext): registering MySQL/MariaDB Plugin (driver).
    plugin: {
      "extensionId": "mtxr.sqltools-driver-mysql",
      "name": "MySQL/MariaDB Plugin",
      "type": "driver"
    }
[1658850729273] INFO  (ls): REQUEST RECEIVED => ls/RegisterPlugin
[1658850729273] INFO  (ls): request to register plugin: "/home/leozeli/.vscode/extensions/mtxr.sqltools-driver-mysql-0.2.0/out/ls/plugin.js"
[1658850729336] INFO  (ls): Driver mysql registered!
    place: "driver-map"
    ns: "ls-context"
[1658850729337] INFO  (ls): Driver mariadb registered!
    place: "driver-map"
    ns: "ls-context"
[1658850729343] INFO  (ext): MySQL/MariaDB Plugin (driver) registered!
[1658850730343] INFO  (ext): EXECUTING COMMAND => sqltools.refreshTree
[1658850730343] INFO  (ext): Connection explorer changed. Will be updated.
    ns: "conn-man:explorer"
[1658850730444] INFO  (ext): Connection explorer changed. Will be updated.
    ns: "conn-man:explorer"
[1658850730986] INFO  (ext): Connection explorer changed. Will be updated.
    ns: "conn-man:explorer"
[1658850735362] INFO  (ext): Connection explorer changed. Will be updated.
    ns: "conn-man:explorer"
