[2022-07-26T15:52:09.265Z] Log level: Info
[2022-07-26T15:52:09.266Z] [info] Validating found git in: git
[2022-07-26T15:52:09.282Z] [info] Using git 2.37.1 from git
[2022-07-26T15:52:09.293Z] > git rev-parse --show-toplevel [4ms]
[2022-07-26T15:52:09.293Z] fatal: not a git repository (or any of the parent directories): .git
[2022-07-26T15:52:09.314Z] > git rev-parse --show-toplevel [13ms]
[2022-07-26T15:52:09.314Z] fatal: not a git repository (or any of the parent directories): .git
[2022-07-26T15:53:50.875Z] > git rev-parse --show-toplevel [0ms]
[2022-07-26T15:53:50.879Z] > git rev-parse --git-dir --git-common-dir [1ms]
[2022-07-26T15:53:50.881Z] [info] Open repository: /home/leozeli/Documents/Code Space
[2022-07-26T15:53:50.890Z] > git fetch [3ms]
[2022-07-26T15:53:50.890Z] > git status -z -uall [1ms]
[2022-07-26T15:53:50.894Z] > git symbolic-ref --short HEAD [1ms]
[2022-07-26T15:53:50.899Z] > git for-each-ref --format=%(refname)%00%(upstream:short)%00%(objectname)%00%(upstream:track)%00%(upstream:remotename)%00%(upstream:remoteref) refs/heads/master refs/remotes/master [1ms]
[2022-07-26T15:53:50.907Z] > git remote --verbose [1ms]
[2022-07-26T15:53:50.907Z] > git for-each-ref --sort -committerdate --format %(refname) %(objectname) %(*objectname) [4ms]
[2022-07-26T15:53:50.912Z] > git config --get commit.template [0ms]
[2022-07-26T15:53:50.918Z] > git status -z -uall [0ms]
[2022-07-26T15:53:50.923Z] > git symbolic-ref --short HEAD [1ms]
[2022-07-26T15:53:50.927Z] > git for-each-ref --format=%(refname)%00%(upstream:short)%00%(objectname)%00%(upstream:track)%00%(upstream:remotename)%00%(upstream:remoteref) refs/heads/master refs/remotes/master [0ms]
[2022-07-26T15:53:50.934Z] > git for-each-ref --sort -committerdate --format %(refname) %(objectname) %(*objectname) [4ms]
[2022-07-26T15:53:50.934Z] > git remote --verbose [1ms]
[2022-07-26T15:53:50.937Z] > git config --get commit.template [0ms]
[2022-07-26T15:53:50.942Z] > git status -z -uall [1ms]
[2022-07-26T15:53:50.946Z] > git symbolic-ref --short HEAD [1ms]
[2022-07-26T15:53:50.949Z] > git for-each-ref --format=%(refname)%00%(upstream:short)%00%(objectname)%00%(upstream:track)%00%(upstream:remotename)%00%(upstream:remoteref) refs/heads/master refs/remotes/master [0ms]
[2022-07-26T15:53:50.956Z] > git for-each-ref --sort -committerdate --format %(refname) %(objectname) %(*objectname) [3ms]
[2022-07-26T15:53:50.956Z] > git remote --verbose [0ms]
[2022-07-26T15:53:50.960Z] > git config --get commit.template [0ms]
[2022-07-26T15:53:51.196Z] > git show --textconv :tbpl.html [4ms]
[2022-07-26T15:53:51.196Z] > git ls-files --stage -- /home/leozeli/Documents/Code Space/tbpl.html [1ms]
[2022-07-26T15:53:51.404Z] > git check-ignore -v -z --stdin [1ms]
[2022-07-26T15:53:52.051Z] > git ls-files --stage -- /home/leozeli/Documents/Code Space/tbpl.html [1ms]
[2022-07-26T15:53:52.057Z] > git show --textconv :tbpl.html [1ms]
[2022-07-26T15:53:57.390Z] > git status -z -uall [1ms]
[2022-07-26T15:53:57.393Z] > git symbolic-ref --short HEAD [0ms]
[2022-07-26T15:53:57.396Z] > git for-each-ref --format=%(refname)%00%(upstream:short)%00%(objectname)%00%(upstream:track)%00%(upstream:remotename)%00%(upstream:remoteref) refs/heads/master refs/remotes/master [0ms]
[2022-07-26T15:53:57.403Z] > git for-each-ref --sort -committerdate --format %(refname) %(objectname) %(*objectname) [4ms]
[2022-07-26T15:53:57.403Z] > git remote --verbose [1ms]
[2022-07-26T15:53:57.407Z] > git config --get commit.template [0ms]
[2022-07-26T15:53:57.493Z] > git ls-files --stage -- /home/leozeli/Documents/Code Space/tbpl.html [1ms]
[2022-07-26T15:53:57.499Z] > git show --textconv :tbpl.html [0ms]
[2022-07-26T15:54:33.071Z] > git status -z -uall [1ms]
[2022-07-26T15:54:33.076Z] > git symbolic-ref --short HEAD [0ms]
[2022-07-26T15:54:33.081Z] > git for-each-ref --format=%(refname)%00%(upstream:short)%00%(objectname)%00%(upstream:track)%00%(upstream:remotename)%00%(upstream:remoteref) refs/heads/main refs/remotes/main [0ms]
[2022-07-26T15:54:33.095Z] > git remote --verbose [5ms]
[2022-07-26T15:54:33.095Z] > git for-each-ref --sort -committerdate --format %(refname) %(objectname) %(*objectname) [9ms]
[2022-07-26T15:54:33.101Z] > git ls-files --stage -- /home/leozeli/Documents/Code Space/tbpl.html [7ms]
[2022-07-26T15:54:33.101Z] > git config --get commit.template [1ms]
[2022-07-26T15:54:33.108Z] > git show --textconv :tbpl.html [0ms]
[2022-07-26T15:55:08.436Z] > git status -z -uall [0ms]
[2022-07-26T15:55:08.441Z] > git symbolic-ref --short HEAD [1ms]
[2022-07-26T15:55:08.445Z] > git for-each-ref --format=%(refname)%00%(upstream:short)%00%(objectname)%00%(upstream:track)%00%(upstream:remotename)%00%(upstream:remoteref) refs/heads/main refs/remotes/main [1ms]
[2022-07-26T15:55:08.452Z] > git for-each-ref --sort -committerdate --format %(refname) %(objectname) %(*objectname) [4ms]
[2022-07-26T15:55:08.452Z] > git remote --verbose [0ms]
[2022-07-26T15:55:08.457Z] > git config --get commit.template [0ms]
[2022-07-26T15:55:08.539Z] > git ls-files --stage -- /home/leozeli/Documents/Code Space/tbpl.html [0ms]
[2022-07-26T15:55:08.543Z] > git cat-file -s 68af3c870ad86dbfa317a52a41a7579bbc786364 [0ms]
[2022-07-26T15:55:08.550Z] > git show --textconv :tbpl.html [0ms]
[2022-07-26T15:55:57.805Z] > git status -z -uall [1ms]
[2022-07-26T15:55:57.809Z] > git symbolic-ref --short HEAD [0ms]
[2022-07-26T15:55:57.813Z] > git for-each-ref --format=%(refname)%00%(upstream:short)%00%(objectname)%00%(upstream:track)%00%(upstream:remotename)%00%(upstream:remoteref) refs/heads/main refs/remotes/main [0ms]
[2022-07-26T15:55:57.821Z] > git for-each-ref --sort -committerdate --format %(refname) %(objectname) %(*objectname) [5ms]
[2022-07-26T15:55:57.821Z] > git remote --verbose [1ms]
[2022-07-26T15:55:57.826Z] > git config --get commit.template [1ms]
[2022-07-26T15:55:57.907Z] > git ls-files --stage -- /home/leozeli/Documents/Code Space/tbpl.html [0ms]
[2022-07-26T15:55:57.912Z] > git cat-file -s 68af3c870ad86dbfa317a52a41a7579bbc786364 [0ms]
[2022-07-26T15:55:57.920Z] > git show --textconv :tbpl.html [0ms]
[2022-07-26T15:56:07.480Z] > git status -z -uall [0ms]
[2022-07-26T15:56:07.486Z] > git symbolic-ref --short HEAD [1ms]
[2022-07-26T15:56:07.491Z] > git for-each-ref --format=%(refname)%00%(upstream:short)%00%(objectname)%00%(upstream:track)%00%(upstream:remotename)%00%(upstream:remoteref) refs/heads/main refs/remotes/main [1ms]
[2022-07-26T15:56:07.500Z] > git for-each-ref --sort -committerdate --format %(refname) %(objectname) %(*objectname) [5ms]
[2022-07-26T15:56:07.500Z] > git remote --verbose [1ms]
[2022-07-26T15:56:07.504Z] > git config --get commit.template [0ms]
[2022-07-26T15:56:07.582Z] > git ls-files --stage -- /home/leozeli/Documents/Code Space/tbpl.html [0ms]
[2022-07-26T15:56:07.586Z] > git cat-file -s 68af3c870ad86dbfa317a52a41a7579bbc786364 [0ms]
[2022-07-26T15:56:07.594Z] > git show --textconv :tbpl.html [0ms]
[2022-07-26T15:56:36.171Z] > git status -z -uall [0ms]
[2022-07-26T15:56:36.176Z] > git symbolic-ref --short HEAD [0ms]
[2022-07-26T15:56:36.180Z] > git for-each-ref --format=%(refname)%00%(upstream:short)%00%(objectname)%00%(upstream:track)%00%(upstream:remotename)%00%(upstream:remoteref) refs/heads/main refs/remotes/main [0ms]
[2022-07-26T15:56:36.188Z] > git remote --verbose [0ms]
[2022-07-26T15:56:36.188Z] > git for-each-ref --sort -committerdate --format %(refname) %(objectname) %(*objectname) [4ms]
[2022-07-26T15:56:36.193Z] > git config --get commit.template [0ms]
[2022-07-26T15:56:36.273Z] > git ls-files --stage -- /home/leozeli/Documents/Code Space/tbpl.html [1ms]
[2022-07-26T15:56:36.277Z] > git cat-file -s 68af3c870ad86dbfa317a52a41a7579bbc786364 [0ms]
[2022-07-26T15:56:36.284Z] > git show --textconv :tbpl.html [1ms]
[2022-07-26T15:56:52.109Z] > git ls-files --stage -- /home/leozeli/Documents/Code Space/tbpl.html [0ms]
[2022-07-26T15:56:52.113Z] > git cat-file -s 68af3c870ad86dbfa317a52a41a7579bbc786364 [0ms]
[2022-07-26T15:56:52.120Z] > git show --textconv :tbpl.html [0ms]
[2022-07-26T15:56:54.248Z] > git fetch [3301ms]
[2022-07-26T15:56:54.253Z] > git status -z -uall [1ms]
[2022-07-26T15:56:54.257Z] > git symbolic-ref --short HEAD [0ms]
[2022-07-26T15:56:54.261Z] > git for-each-ref --format=%(refname)%00%(upstream:short)%00%(objectname)%00%(upstream:track)%00%(upstream:remotename)%00%(upstream:remoteref) refs/heads/main refs/remotes/main [0ms]
[2022-07-26T15:56:54.268Z] > git for-each-ref --sort -committerdate --format %(refname) %(objectname) %(*objectname) [3ms]
[2022-07-26T15:56:54.268Z] > git remote --verbose [0ms]
[2022-07-26T15:56:54.273Z] > git config --get commit.template [1ms]
[2022-07-26T15:57:18.332Z] > git status -z -uall [1ms]
[2022-07-26T15:57:18.337Z] > git symbolic-ref --short HEAD [1ms]
[2022-07-26T15:57:18.342Z] > git for-each-ref --format=%(refname)%00%(upstream:short)%00%(objectname)%00%(upstream:track)%00%(upstream:remotename)%00%(upstream:remoteref) refs/heads/main refs/remotes/main [1ms]
[2022-07-26T15:57:18.350Z] > git for-each-ref --sort -committerdate --format %(refname) %(objectname) %(*objectname) [4ms]
[2022-07-26T15:57:18.350Z] > git remote --verbose [1ms]
[2022-07-26T15:57:18.357Z] > git config --get commit.template [1ms]
[2022-07-26T15:57:18.433Z] > git ls-files --stage -- /home/leozeli/Documents/Code Space/tbpl.html [0ms]
[2022-07-26T15:57:18.438Z] > git cat-file -s 68af3c870ad86dbfa317a52a41a7579bbc786364 [1ms]
[2022-07-26T15:57:18.446Z] > git show --textconv :tbpl.html [1ms]
