[Info  - 15:52:09.277] Reading sessions from keychain...
[Info  - 15:52:09.303] Getting sessions for user:email...
[Info  - 15:52:09.305] Getting sessions for all scopes...
[Trace  - 15:52:09.315] Token acquired from secret storage.
[Info  - 15:52:09.315] Got stored sessions!
[Trace  - 15:52:09.315] Read the following session from the keychain with the following scopes: user:email
[Info  - 15:52:09.315] Got 1 verified sessions.
[Info  - 15:52:09.315] Got 1 sessions for user:email...
[Info  - 15:52:09.315] Got 1 sessions for ...
[Info  - 15:52:09.327] Getting sessions for codespace,read:user,repo,user:email...
[Info  - 15:52:09.327] Got 0 sessions for codespace,read:user,repo,user:email...
[Info  - 15:57:03.886] Getting sessions for read:user,repo,user:email,workflow...
[Info  - 15:57:03.886] Got 0 sessions for read:user,repo,user:email,workflow...
[Info  - 15:57:06.381] Logging in for the following scopes: read:user repo user:email workflow
[Info  - 15:57:06.388] Trying without local server... (read:user repo user:email workflow)
[Trace  - 15:57:12.752] Handling Uri...
[Info  - 15:57:12.752] Exchanging code for token...
[Info  - 15:57:14.897] Token exchange success!
[Info  - 15:57:14.897] Getting user info...
[Info  - 15:57:15.976] Got account info!
[Info  - 15:57:15.976] Storing 2 sessions...
[Info  - 15:57:15.989] Reading sessions from keychain...
[Info  - 15:57:15.989] Stored 2 sessions!
[Info  - 15:57:15.989] Login success!
[Info  - 15:57:15.993] Getting sessions for user:email...
[Trace  - 15:57:15.993] Token acquired from secret storage.
[Info  - 15:57:15.993] Got stored sessions!
[Trace  - 15:57:15.993] Read the following session from the keychain with the following scopes: user:email
[Trace  - 15:57:15.993] Read the following session from the keychain with the following scopes: read:user repo user:email workflow
[Info  - 15:57:15.993] Got 2 verified sessions.
[Info  - 15:57:15.993] Got 1 sessions for user:email...
[Info  - 15:57:15.995] Getting sessions for codespace,read:user,repo,user:email...
[Info  - 15:57:15.995] Got 0 sessions for codespace,read:user,repo,user:email...
[Info  - 15:57:16.331] Getting sessions for all scopes...
[Info  - 15:57:16.331] Got 2 sessions for ...
