[Info  - 05:24:50.890] Reading sessions from keychain...
[Info  - 05:24:50.905] Getting sessions for user:email...
[Info  - 05:24:50.906] Getting sessions for all scopes...
[Info  - 05:24:50.906] Got 0 sessions for user:email...
[Info  - 05:24:50.906] Got 0 sessions for ...
[Info  - 05:24:51.622] Getting sessions for all scopes...
[Info  - 05:24:51.623] Got 0 sessions for ...
[Info  - 05:24:54.442] Getting sessions for user:email...
[Info  - 05:24:54.442] Got 0 sessions for user:email...
[Info  - 05:24:56.190] Logging in for the following scopes: user:email
[Info  - 05:24:56.193] Trying without local server... (user:email)
[Trace  - 05:25:04.701] Handling Uri...
[Info  - 05:25:04.701] Exchanging code for token...
[Info  - 05:25:06.257] Token exchange success!
[Info  - 05:25:06.257] Getting user info...
[Info  - 05:25:06.942] Got account info!
[Info  - 05:25:06.942] Storing 1 sessions...
[Info  - 05:25:06.955] Reading sessions from keychain...
[Info  - 05:25:06.955] Stored 1 sessions!
[Info  - 05:25:06.956] Login success!
[Info  - 05:25:06.959] Getting sessions for user:email...
[Info  - 05:25:06.959] Getting sessions for user:email...
[Trace  - 05:25:06.960] Token acquired from secret storage.
[Info  - 05:25:06.960] Got stored sessions!
[Trace  - 05:25:06.960] Read the following session from the keychain with the following scopes: user:email
[Info  - 05:25:06.960] Got 1 verified sessions.
[Info  - 05:25:06.960] Got 1 sessions for user:email...
[Info  - 05:25:06.960] Got 1 sessions for user:email...
[Info  - 05:26:02.39] Getting sessions for codespace,read:user,repo,user:email...
[Info  - 05:26:02.40] Got 0 sessions for codespace,read:user,repo,user:email...
