Visual Studio Code (1.69.2, undefined, desktop)
Jupyter Extension Version: 2022.6.1201981810.
Python Extension not installed.
No workspace folder opened.
info 13:25:36.25: ZMQ install verified.
info 13:25:36.204: LSP Notebooks experiment is disabled -- not in treatment group
info 13:25:36.214: Process Execution: > jupyter notebook --version
> jupyter notebook --version
info 13:25:36.217: Process Execution: > jupyter lab --version
> jupyter lab --version
info 13:25:41.307: Process Execution: > jupyter notebook --version
> jupyter notebook --version
info 13:25:41.310: Process Execution: > jupyter lab --version
> jupyter lab --version
info 13:25:55.149: Experiment status for python is {"enabled":true,"optInto":[],"optOutFrom":[]}
info 13:25:55.257: Process Execution: > /bin/python -m pip list
> /bin/python -m pip list
info 13:25:55.276: Process Execution: > /bin/python -c "import pip"
> /bin/python -c "import pip"
info 13:25:57.994: LSP Notebooks experiment is disabled -- not in treatment group
