[2022-07-26 23:52:08.538] [exthost] [info] Extension host with pid 134754 started
[2022-07-26 23:52:08.538] [exthost] [info] Skipping acquiring lock for /home/leozeli/.config/Code/User/workspaceStorage/1789803a1af3afb75550f21484312318.
[2022-07-26 23:52:08.622] [exthost] [info] ExtensionService#_doActivateExtension mechatroner.rainbow-csv, startup: false, activationEvent: 'onLanguage:plaintext'
[2022-07-26 23:52:08.626] [exthost] [info] ExtensionService#_doActivateExtension vscode.html-language-features, startup: false, activationEvent: 'onLanguage:html'
[2022-07-26 23:52:08.634] [exthost] [info] ExtensionService#_doActivateExtension antfu.iconify, startup: false, activationEvent: 'onLanguage:html'
[2022-07-26 23:52:08.657] [exthost] [info] ExtensionService#_doActivateExtension lokalise.i18n-ally, startup: false, activationEvent: 'onLanguage:html'
[2022-07-26 23:52:08.823] [exthost] [info] ExtensionService#_doActivateExtension Vue.volar, startup: false, activationEvent: 'onLanguage:html'
[2022-07-26 23:52:08.839] [exthost] [info] ExtensionService#_doActivateExtension vscode.microsoft-authentication, startup: false, activationEvent: 'onAuthenticationRequest:microsoft'
[2022-07-26 23:52:08.845] [exthost] [info] ExtensionService#_doActivateExtension vscode.debug-auto-launch, startup: true, activationEvent: '*'
[2022-07-26 23:52:08.846] [exthost] [info] ExtensionService#_doActivateExtension vscode.git-base, startup: true, activationEvent: '*', root cause: vscode.git
[2022-07-26 23:52:08.847] [exthost] [info] ExtensionService#_doActivateExtension vscode.ipynb, startup: true, activationEvent: '*'
[2022-07-26 23:52:08.848] [exthost] [info] ExtensionService#_doActivateExtension antfu.vite, startup: true, activationEvent: '*'
[2022-07-26 23:52:08.849] [exthost] [info] ExtensionService#_doActivateExtension GitHub.codespaces, startup: true, activationEvent: '*'
[2022-07-26 23:52:08.909] [exthost] [info] ExtensionService#_doActivateExtension kisstkondoros.vscode-gutter-preview, startup: true, activationEvent: '*'
[2022-07-26 23:52:08.916] [exthost] [info] ExtensionService#_doActivateExtension mtxr.sqltools, startup: true, activationEvent: '*'
[2022-07-26 23:52:09.042] [exthost] [info] ExtensionService#_doActivateExtension vscode.git, startup: true, activationEvent: '*'
[2022-07-26 23:52:09.050] [exthost] [info] ExtensionService#_doActivateExtension vscode.github, startup: true, activationEvent: '*'
[2022-07-26 23:52:09.052] [exthost] [info] ExtensionService#_doActivateExtension mtxr.sqltools-driver-mysql, startup: true, activationEvent: '*'
[2022-07-26 23:52:09.260] [exthost] [info] ExtensionService#_doActivateExtension vscode.github-authentication, startup: false, activationEvent: 'api', root cause: GitHub.codespaces
[2022-07-26 23:52:10.447] [exthost] [info] ExtensionService#_doActivateExtension vscode.configuration-editing, startup: false, activationEvent: 'onLanguage:jsonc'
[2022-07-26 23:52:10.448] [exthost] [info] ExtensionService#_doActivateExtension vscode.json-language-features, startup: false, activationEvent: 'onLanguage:jsonc'
[2022-07-26 23:52:10.457] [exthost] [info] ExtensionService#_doActivateExtension vscode.typescript-language-features, startup: false, activationEvent: 'onLanguage:jsonc'
[2022-07-26 23:52:15.140] [exthost] [info] Eager extensions activated
[2022-07-26 23:52:15.142] [exthost] [info] ExtensionService#_doActivateExtension vscode.emmet, startup: false, activationEvent: 'onStartupFinished'
[2022-07-26 23:52:15.145] [exthost] [info] ExtensionService#_doActivateExtension vscode.merge-conflict, startup: false, activationEvent: 'onStartupFinished'
[2022-07-26 23:52:15.146] [exthost] [info] ExtensionService#_doActivateExtension aaron-bond.better-comments, startup: false, activationEvent: 'onStartupFinished'
[2022-07-26 23:52:15.148] [exthost] [info] ExtensionService#_doActivateExtension dbaeumer.vscode-eslint, startup: false, activationEvent: 'onStartupFinished'
[2022-07-26 23:52:15.167] [exthost] [info] ExtensionService#_doActivateExtension esbenp.prettier-vscode, startup: false, activationEvent: 'onStartupFinished'
[2022-07-26 23:52:15.205] [exthost] [info] ExtensionService#_doActivateExtension mintlify.document, startup: false, activationEvent: 'onStartupFinished'
[2022-07-26 23:52:15.206] [exthost] [info] ExtensionService#_doActivateExtension ms-vscode-remote.remote-containers, startup: false, activationEvent: 'onStartupFinished'
[2022-07-26 23:52:15.218] [exthost] [info] ExtensionService#_doActivateExtension ms-vscode-remote.remote-wsl, startup: false, activationEvent: 'onStartupFinished'
[2022-07-26 23:52:15.221] [exthost] [info] ExtensionService#_doActivateExtension PKief.material-icon-theme, startup: false, activationEvent: 'onStartupFinished'
[2022-07-26 23:52:15.225] [exthost] [info] ExtensionService#_doActivateExtension psioniq.psi-header, startup: false, activationEvent: 'onStartupFinished'
[2022-07-26 23:52:15.238] [exthost] [info] ExtensionService#_doActivateExtension ritwickdey.LiveServer, startup: false, activationEvent: 'onStartupFinished'
[2022-07-26 23:52:15.278] [exthost] [info] ExtensionService#_doActivateExtension stylelint.vscode-stylelint, startup: false, activationEvent: 'onStartupFinished'
[2022-07-26 23:52:15.284] [exthost] [info] ExtensionService#_doActivateExtension usernamehw.errorlens, startup: false, activationEvent: 'onStartupFinished'
[2022-07-26 23:52:15.284] [exthost] [info] ExtensionService#_doActivateExtension vadimcn.vscode-lldb, startup: false, activationEvent: 'onStartupFinished'
[2022-07-26 23:52:15.291] [exthost] [info] ExtensionService#_doActivateExtension zhuangtongfa.material-theme, startup: false, activationEvent: 'onStartupFinished'
[2022-07-26 23:52:15.380] [exthost] [warning] DiagnosticCollection with name 'devcontainer' does already exist.
[2022-07-26 23:54:23.469] [exthost] [info] ExtensionService#_doActivateExtension ms-toolsai.jupyter, startup: false, activationEvent: 'onView:jupyterViewVariables'
[2022-07-26 23:54:23.821] [exthost] [info] ExtensionService#_doActivateExtension ms-python.python, startup: false, activationEvent: 'api', root cause: ms-toolsai.jupyter
[2022-07-26 23:54:23.854] [exthost] [info] ExtensionService#_doActivateExtension ms-toolsai.jupyter-renderers, startup: false, activationEvent: 'api', root cause: ms-toolsai.jupyter
[2022-07-26 23:59:53.784] [exthost] [info] Extension host terminating: received terminate message from renderer
[2022-07-26 23:59:53.813] [exthost] [info] Extension host with pid 134754 exiting with code 0
