[1658847640701] INFO  (ext): SQLTools is starting
[1658847640703] INFO  (ext): initializing language client...
[1658847640703] INFO  (ext): Registering client for languages [{"scheme":"sqltools"},{"language":"sql","scheme":"untitled"},{"language":"sql","scheme":"file"},{"language":"sql","scheme":"sqltools"}]
    ns: "lc"
[1658847640704] INFO  (ext): loading plugins...
[1658847640704] INFO  (ext): registering Formatter Plugin.
    plugin: {
      "name": "Formatter Plugin"
    }
[1658847640705] INFO  (ext): registering Connection Manager Plugin.
    plugin: {
      "name": "Connection Manager Plugin"
    }
[1658847640705] INFO  (ext): registering CodeLens Plugin.
    plugin: {
      "name": "CodeLens Plugin",
      "registeredLanguages": []
    }
[1658847640705] INFO  (ext): registering Dependency Manager Plugin.
    plugin: {
      "name": "Dependency Manager Plugin",
      "installingDrivers": []
    }
[1658847640706] INFO  (ext): Connection explorer changed. Will be updated.
    ns: "conn-man:explorer"
[1658847640706] INFO  (ext): registering History Manager Plugin.
    plugin: {
      "name": "History Manager Plugin"
    }
[1658847640707] INFO  (ext): registering Bookmarks Manager Plugin.
    plugin: {
      "name": "Bookmarks Manager Plugin"
    }
[1658847640707] INFO  (ext): SQLTools activation completed. 5.384129 ms
[1658847640714] INFO  (ext): Formatter Plugin registered!
[1658847640714] INFO  (ext): CodeLens Plugin registered!
[1658847640714] INFO  (ext): Dependency Manager Plugin registered!
[1658847640715] INFO  (ext): Connection Manager Plugin registered!
[1658847640715] INFO  (ext): History Manager Plugin registered!
[1658847640715] INFO  (ext): Bookmarks Manager Plugin registered!
[1658847640810] INFO  (ls): SQLTools Server started!
===============================
Using node runtime?: no
ExecPath: /opt/visual-studio-code/code 
===============================
[1658847640813] INFO  (ls): Telemetry enabled!
    ns: "telemetry"
[1658847640928] INFO  (ext): LanguageClient ready
    ns: "lc"
[1658847640943] INFO  (ext): registering MySQL/MariaDB Plugin (driver).
    plugin: {
      "extensionId": "mtxr.sqltools-driver-mysql",
      "name": "MySQL/MariaDB Plugin",
      "type": "driver"
    }
[1658847640943] INFO  (ls): REQUEST RECEIVED => ls/RegisterPlugin
[1658847640943] INFO  (ls): request to register plugin: "/home/leozeli/.vscode/extensions/mtxr.sqltools-driver-mysql-0.2.0/out/ls/plugin.js"
[1658847641001] INFO  (ls): Driver mysql registered!
    place: "driver-map"
    ns: "ls-context"
[1658847641001] INFO  (ls): Driver mariadb registered!
    place: "driver-map"
    ns: "ls-context"
[1658847641001] INFO  (ext): MySQL/MariaDB Plugin (driver) registered!
[1658847641766] INFO  (ext): Connection explorer changed. Will be updated.
    ns: "conn-man:explorer"
[1658847642002] INFO  (ext): EXECUTING COMMAND => sqltools.refreshTree
[1658847642002] INFO  (ext): Connection explorer changed. Will be updated.
    ns: "conn-man:explorer"
[1658847642707] INFO  (ext): Connection explorer changed. Will be updated.
    ns: "conn-man:explorer"
