[2022-07-26 23:52:08.266] [settingssync] [info] Using settings sync service https://vscode-sync.trafficmanager.net/
[2022-07-26 23:52:08.266] [settingssync] [info] Auto Sync is enabled.
[2022-07-26 23:52:08.266] [settingssync] [info] Auto Sync: Suspended until auth token is available.
[2022-07-26 23:52:09.328] [settingssync] [info] Auto Sync: Started
[2022-07-26 23:52:09.328] [settingssync] [info] Auto Sync: Triggered by Interval
[2022-07-26 23:52:10.456] [settingssync] [info] Settings: No changes found during synchronizing settings.
[2022-07-26 23:52:10.460] [settingssync] [info] Keybindings: No changes found during synchronizing keybindings.
[2022-07-26 23:52:10.464] [settingssync] [info] Snippets: No changes found during synchronizing snippets.
[2022-07-26 23:52:10.466] [settingssync] [info] Tasks: No changes found during synchronizing tasks.
[2022-07-26 23:52:11.475] [settingssync] [info] GlobalState: Updated remote ui state
[2022-07-26 23:52:11.480] [settingssync] [info] GlobalState: Updated last synchronized ui state
[2022-07-26 23:52:11.526] [settingssync] [info] Extensions: No changes found during synchronizing extensions.
[2022-07-26 23:52:11.527] [settingssync] [info] Sync done. Took 1089ms
[2022-07-26 23:53:14.145] [settingssync] [info] Auto Sync: Triggered by Activity
[2022-07-26 23:53:14.533] [settingssync] [info] Settings: No changes found during synchronizing settings.
[2022-07-26 23:53:14.535] [settingssync] [info] Keybindings: No changes found during synchronizing keybindings.
[2022-07-26 23:53:14.536] [settingssync] [info] Snippets: No changes found during synchronizing snippets.
[2022-07-26 23:53:14.537] [settingssync] [info] Tasks: No changes found during synchronizing tasks.
[2022-07-26 23:53:14.540] [settingssync] [info] GlobalState: No changes found during synchronizing ui state.
[2022-07-26 23:53:14.602] [settingssync] [info] Extensions: No changes found during synchronizing extensions.
[2022-07-26 23:53:14.604] [settingssync] [info] Sync done. Took 85ms
[2022-07-26 23:53:25.683] [settingssync] [info] Auto Sync: Triggered by Activity
[2022-07-26 23:53:26.575] [settingssync] [info] Settings: No changes found during synchronizing settings.
[2022-07-26 23:53:26.577] [settingssync] [info] Keybindings: No changes found during synchronizing keybindings.
[2022-07-26 23:53:26.579] [settingssync] [info] Snippets: No changes found during synchronizing snippets.
[2022-07-26 23:53:26.581] [settingssync] [info] Tasks: No changes found during synchronizing tasks.
[2022-07-26 23:53:26.584] [settingssync] [info] GlobalState: No changes found during synchronizing ui state.
[2022-07-26 23:53:26.645] [settingssync] [info] Extensions: No changes found during synchronizing extensions.
[2022-07-26 23:53:26.645] [settingssync] [info] Sync done. Took 84ms
[2022-07-26 23:54:07.377] [settingssync] [info] Auto Sync: Triggered by Activity
[2022-07-26 23:54:08.038] [settingssync] [info] Settings: No changes found during synchronizing settings.
[2022-07-26 23:54:08.040] [settingssync] [info] Keybindings: No changes found during synchronizing keybindings.
[2022-07-26 23:54:08.042] [settingssync] [info] Snippets: No changes found during synchronizing snippets.
[2022-07-26 23:54:08.043] [settingssync] [info] Tasks: No changes found during synchronizing tasks.
[2022-07-26 23:54:08.047] [settingssync] [info] GlobalState: No changes found during synchronizing ui state.
[2022-07-26 23:54:08.112] [settingssync] [info] Extensions: No changes found during synchronizing extensions.
[2022-07-26 23:54:08.113] [settingssync] [info] Sync done. Took 83ms
[2022-07-26 23:54:21.971] [settingssync] [info] Auto Sync: Triggered by Activity
[2022-07-26 23:54:22.314] [settingssync] [info] Settings: No changes found during synchronizing settings.
[2022-07-26 23:54:22.316] [settingssync] [info] Keybindings: No changes found during synchronizing keybindings.
[2022-07-26 23:54:22.318] [settingssync] [info] Snippets: No changes found during synchronizing snippets.
[2022-07-26 23:54:22.320] [settingssync] [info] Tasks: No changes found during synchronizing tasks.
[2022-07-26 23:54:22.323] [settingssync] [info] GlobalState: No changes found during synchronizing ui state.
[2022-07-26 23:54:22.384] [settingssync] [info] Extensions: No changes found during synchronizing extensions.
[2022-07-26 23:54:22.386] [settingssync] [info] Sync done. Took 78ms
[2022-07-26 23:54:26.194] [settingssync] [info] Auto Sync: Triggered by Activity
[2022-07-26 23:54:26.831] [settingssync] [info] Settings: No changes found during synchronizing settings.
[2022-07-26 23:54:26.833] [settingssync] [info] Keybindings: No changes found during synchronizing keybindings.
[2022-07-26 23:54:26.835] [settingssync] [info] Snippets: No changes found during synchronizing snippets.
[2022-07-26 23:54:26.836] [settingssync] [info] Tasks: No changes found during synchronizing tasks.
[2022-07-26 23:54:27.501] [settingssync] [info] GlobalState: Updated remote ui state
[2022-07-26 23:54:27.510] [settingssync] [info] GlobalState: Updated last synchronized ui state
[2022-07-26 23:54:27.563] [settingssync] [info] Extensions: No changes found during synchronizing extensions.
[2022-07-26 23:54:27.564] [settingssync] [info] Sync done. Took 741ms
[2022-07-26 23:54:44.095] [settingssync] [info] Auto Sync: Triggered by Activity
[2022-07-26 23:54:45.213] [settingssync] [info] Settings: No changes found during synchronizing settings.
[2022-07-26 23:54:45.216] [settingssync] [info] Keybindings: No changes found during synchronizing keybindings.
[2022-07-26 23:54:45.218] [settingssync] [info] Snippets: No changes found during synchronizing snippets.
[2022-07-26 23:54:45.219] [settingssync] [info] Tasks: No changes found during synchronizing tasks.
[2022-07-26 23:54:45.224] [settingssync] [info] GlobalState: No changes found during synchronizing ui state.
[2022-07-26 23:54:45.297] [settingssync] [info] Extensions: No changes found during synchronizing extensions.
[2022-07-26 23:54:45.298] [settingssync] [info] Sync done. Took 97ms
[2022-07-26 23:57:09.380] [settingssync] [info] Auto Sync: Triggered by Activity
[2022-07-26 23:57:11.069] [settingssync] [info] Settings: No changes found during synchronizing settings.
[2022-07-26 23:57:11.071] [settingssync] [info] Keybindings: No changes found during synchronizing keybindings.
[2022-07-26 23:57:11.073] [settingssync] [info] Snippets: No changes found during synchronizing snippets.
[2022-07-26 23:57:11.074] [settingssync] [info] Tasks: No changes found during synchronizing tasks.
[2022-07-26 23:57:11.078] [settingssync] [info] GlobalState: No changes found during synchronizing ui state.
[2022-07-26 23:57:11.131] [settingssync] [info] Extensions: No changes found during synchronizing extensions.
[2022-07-26 23:57:11.132] [settingssync] [info] Sync done. Took 75ms
[2022-07-26 23:57:45.965] [settingssync] [info] Auto Sync: Triggered by Activity
[2022-07-26 23:57:46.424] [settingssync] [info] Settings: No changes found during synchronizing settings.
[2022-07-26 23:57:46.425] [settingssync] [info] Keybindings: No changes found during synchronizing keybindings.
[2022-07-26 23:57:46.427] [settingssync] [info] Snippets: No changes found during synchronizing snippets.
[2022-07-26 23:57:46.428] [settingssync] [info] Tasks: No changes found during synchronizing tasks.
[2022-07-26 23:57:46.431] [settingssync] [info] GlobalState: No changes found during synchronizing ui state.
[2022-07-26 23:57:46.492] [settingssync] [info] Extensions: No changes found during synchronizing extensions.
[2022-07-26 23:57:46.492] [settingssync] [info] Sync done. Took 79ms
[2022-07-26 23:58:22.282] [settingssync] [info] Auto Sync: Triggered by Activity
[2022-07-26 23:58:22.588] [settingssync] [info] Settings: No changes found during synchronizing settings.
[2022-07-26 23:58:22.590] [settingssync] [info] Keybindings: No changes found during synchronizing keybindings.
[2022-07-26 23:58:22.591] [settingssync] [info] Snippets: No changes found during synchronizing snippets.
[2022-07-26 23:58:22.592] [settingssync] [info] Tasks: No changes found during synchronizing tasks.
[2022-07-26 23:58:22.595] [settingssync] [info] GlobalState: No changes found during synchronizing ui state.
[2022-07-26 23:58:22.656] [settingssync] [info] Extensions: No changes found during synchronizing extensions.
[2022-07-26 23:58:22.657] [settingssync] [info] Sync done. Took 77ms
[2022-07-26 23:59:30.624] [settingssync] [info] Auto Sync: Triggered by Activity
[2022-07-26 23:59:30.924] [settingssync] [info] Settings: No changes found during synchronizing settings.
[2022-07-26 23:59:30.925] [settingssync] [info] Keybindings: No changes found during synchronizing keybindings.
[2022-07-26 23:59:30.927] [settingssync] [info] Snippets: No changes found during synchronizing snippets.
[2022-07-26 23:59:30.928] [settingssync] [info] Tasks: No changes found during synchronizing tasks.
[2022-07-26 23:59:30.931] [settingssync] [info] GlobalState: No changes found during synchronizing ui state.
[2022-07-26 23:59:30.988] [settingssync] [info] Extensions: No changes found during synchronizing extensions.
[2022-07-26 23:59:30.989] [settingssync] [info] Sync done. Took 73ms
[2022-07-26 23:59:53.763] [settingssync] [info] Auto Sync: Triggered by Activity
