[1658847587671] INFO  (ext): SQLTools is starting
[1658847587673] INFO  (ext): initializing language client...
[1658847587673] INFO  (ext): Registering client for languages [{"scheme":"sqltools"},{"language":"sql","scheme":"untitled"},{"language":"sql","scheme":"file"},{"language":"sql","scheme":"sqltools"}]
    ns: "lc"
[1658847587675] INFO  (ext): loading plugins...
[1658847587675] INFO  (ext): registering Formatter Plugin.
    plugin: {
      "name": "Formatter Plugin"
    }
[1658847587675] INFO  (ext): registering Connection Manager Plugin.
    plugin: {
      "name": "Connection Manager Plugin"
    }
[1658847587675] INFO  (ext): registering CodeLens Plugin.
    plugin: {
      "name": "CodeLens Plugin",
      "registeredLanguages": []
    }
[1658847587675] INFO  (ext): registering Dependency Manager Plugin.
    plugin: {
      "name": "Dependency Manager Plugin",
      "installingDrivers": []
    }
[1658847587676] INFO  (ext): Connection explorer changed. Will be updated.
    ns: "conn-man:explorer"
[1658847587677] INFO  (ext): registering History Manager Plugin.
    plugin: {
      "name": "History Manager Plugin"
    }
[1658847587677] INFO  (ext): registering Bookmarks Manager Plugin.
    plugin: {
      "name": "Bookmarks Manager Plugin"
    }
[1658847587677] INFO  (ext): SQLTools activation completed. 5.462763 ms
[1658847587684] INFO  (ext): Formatter Plugin registered!
[1658847587684] INFO  (ext): CodeLens Plugin registered!
[1658847587684] INFO  (ext): Dependency Manager Plugin registered!
[1658847587685] INFO  (ext): Connection Manager Plugin registered!
[1658847587685] INFO  (ext): History Manager Plugin registered!
[1658847587685] INFO  (ext): Bookmarks Manager Plugin registered!
[1658847587782] INFO  (ls): SQLTools Server started!
===============================
Using node runtime?: no
ExecPath: /opt/visual-studio-code/code 
===============================
[1658847587784] INFO  (ls): Telemetry enabled!
    ns: "telemetry"
[1658847587900] INFO  (ext): LanguageClient ready
    ns: "lc"
[1658847587913] INFO  (ext): registering MySQL/MariaDB Plugin (driver).
    plugin: {
      "extensionId": "mtxr.sqltools-driver-mysql",
      "name": "MySQL/MariaDB Plugin",
      "type": "driver"
    }
[1658847587913] INFO  (ls): REQUEST RECEIVED => ls/RegisterPlugin
[1658847587914] INFO  (ls): request to register plugin: "/home/leozeli/.vscode/extensions/mtxr.sqltools-driver-mysql-0.2.0/out/ls/plugin.js"
[1658847587972] INFO  (ls): Driver mysql registered!
    place: "driver-map"
    ns: "ls-context"
[1658847587972] INFO  (ls): Driver mariadb registered!
    place: "driver-map"
    ns: "ls-context"
[1658847587972] INFO  (ext): MySQL/MariaDB Plugin (driver) registered!
[1658847588972] INFO  (ext): EXECUTING COMMAND => sqltools.refreshTree
[1658847588972] INFO  (ext): Connection explorer changed. Will be updated.
    ns: "conn-man:explorer"
[1658847589683] INFO  (ext): Connection explorer changed. Will be updated.
    ns: "conn-man:explorer"
[1658847589693] INFO  (ext): Connection explorer changed. Will be updated.
    ns: "conn-man:explorer"
